<?xml version="1.0" encoding="UTF-8"?>
<testsuite xmlns:xsi="http://www.w3.org/2001/XMLSchema-instance" xsi:noNamespaceSchemaLocation="https://maven.apache.org/surefire/maven-surefire-plugin/xsd/surefire-test-report-3.0.xsd" version="3.0" name="cucumber.Options.TestRunner" time="3096.68" tests="2" errors="0" skipped="0" failures="0">
  <properties>
[...]
</properties>
  <testcase name="Verify Count is above zero for every JSON object where Symbol contains XRP and firstId is above zero" classname="Validating Ticker API and verifying it&apos;s response" time="1869.689">
    <system-out><![CDATA[Response size: 2744
Symbol does not contain XRP, Symbol =  ETHBTC
Symbol does not contain XRP, Symbol =  LTCBTC
Symbol does not contain XRP, Symbol =  BNBBTC
Symbol does not contain XRP, Symbol =  NEOBTC
Symbol does not contain XRP, Symbol =  QTUMETH
Symbol does not contain XRP, Symbol =  EOSETH
Symbol does not contain XRP, Symbol =  SNTETH
Symbol does not contain XRP, Symbol =  BNTETH
Symbol does not contain XRP, Symbol =  BCCBTC
FirstId is not above 0, Symbol = BCCBTC
Count is not above 0, Symbol = BCCBTC
Symbol does not contain XRP, Symbol =  GASBTC
Symbol does not contain XRP, Symbol =  BNBETH
Symbol does not contain XRP, Symbol =  BTCUSDT
Symbol does not contain XRP, Symbol =  ETHUSDT
Symbol does not contain XRP, Symbol =  HSRBTC
FirstId is not above 0, Symbol = HSRBTC
Count is not above 0, Symbol = HSRBTC
Symbol does not contain XRP, Symbol =  OAXETH
FirstId is not above 0, Symbol = OAXETH
Count is not above 0, Symbol = OAXETH
Symbol does not contain XRP, Symbol =  DNTETH
FirstId is not above 0, Symbol = DNTETH
Count is not above 0, Symbol = DNTETH
Symbol does not contain XRP, Symbol =  MCOETH
FirstId is not above 0, Symbol = MCOETH
Count is not above 0, Symbol = MCOETH
Symbol does not contain XRP, Symbol =  ICNETH
FirstId is not above 0, Symbol = ICNETH
Count is not above 0, Symbol = ICNETH
Symbol does not contain XRP, Symbol =  MCOBTC
FirstId is not above 0, Symbol = MCOBTC
Count is not above 0, Symbol = MCOBTC
Symbol does not contain XRP, Symbol =  WTCBTC
FirstId is not above 0, Symbol = WTCBTC
Count is not above 0, Symbol = WTCBTC
Symbol does not contain XRP, Symbol =  WTCETH
FirstId is not above 0, Symbol = WTCETH
Count is not above 0, Symbol = WTCETH
Symbol does not contain XRP, Symbol =  LRCBTC
Symbol does not contain XRP, Symbol =  LRCETH
Symbol does not contain XRP, Symbol =  QTUMBTC
Symbol does not contain XRP, Symbol =  YOYOBTC
FirstId is not above 0, Symbol = YOYOBTC
Count is not above 0, Symbol = YOYOBTC
Symbol does not contain XRP, Symbol =  OMGBTC
FirstId is not above 0, Symbol = OMGBTC
Count is not above 0, Symbol = OMGBTC
Symbol does not contain XRP, Symbol =  OMGETH
FirstId is not above 0, Symbol = OMGETH
Count is not above 0, Symbol = OMGETH
Symbol does not contain XRP, Symbol =  ZRXBTC
Symbol does not contain XRP, Symbol =  ZRXETH
FirstId is not above 0, Symbol = ZRXETH
Count is not above 0, Symbol = ZRXETH
Symbol does not contain XRP, Symbol =  STRATBTC
FirstId is not above 0, Symbol = STRATBTC
Count is not above 0, Symbol = STRATBTC
Symbol does not contain XRP, Symbol =  STRATETH
FirstId is not above 0, Symbol = STRATETH
Count is not above 0, Symbol = STRATETH
Symbol does not contain XRP, Symbol =  SNGLSBTC
FirstId is not above 0, Symbol = SNGLSBTC
Count is not above 0, Symbol = SNGLSBTC
Symbol does not contain XRP, Symbol =  SNGLSETH
FirstId is not above 0, Symbol = SNGLSETH
Count is not above 0, Symbol = SNGLSETH
Symbol does not contain XRP, Symbol =  BQXBTC
FirstId is not above 0, Symbol = BQXBTC
Count is not above 0, Symbol = BQXBTC
Symbol does not contain XRP, Symbol =  BQXETH
FirstId is not above 0, Symbol = BQXETH
Count is not above 0, Symbol = BQXETH
Symbol does not contain XRP, Symbol =  KNCBTC
Symbol does not contain XRP, Symbol =  KNCETH
FirstId is not above 0, Symbol = KNCETH
Count is not above 0, Symbol = KNCETH
Symbol does not contain XRP, Symbol =  FUNBTC
FirstId is not above 0, Symbol = FUNBTC
Count is not above 0, Symbol = FUNBTC
Symbol does not contain XRP, Symbol =  FUNETH
FirstId is not above 0, Symbol = FUNETH
Count is not above 0, Symbol = FUNETH
Symbol does not contain XRP, Symbol =  SNMBTC
FirstId is not above 0, Symbol = SNMBTC
Count is not above 0, Symbol = SNMBTC
Symbol does not contain XRP, Symbol =  SNMETH
FirstId is not above 0, Symbol = SNMETH
Count is not above 0, Symbol = SNMETH
Symbol does not contain XRP, Symbol =  NEOETH
FirstId is not above 0, Symbol = NEOETH
Count is not above 0, Symbol = NEOETH
Symbol does not contain XRP, Symbol =  IOTABTC
Symbol does not contain XRP, Symbol =  IOTAETH
Symbol does not contain XRP, Symbol =  LINKBTC
Symbol does not contain XRP, Symbol =  LINKETH
Symbol does not contain XRP, Symbol =  XVGBTC
FirstId is not above 0, Symbol = XVGBTC
Count is not above 0, Symbol = XVGBTC
Symbol does not contain XRP, Symbol =  XVGETH
Symbol does not contain XRP, Symbol =  SALTBTC
FirstId is not above 0, Symbol = SALTBTC
Count is not above 0, Symbol = SALTBTC
Symbol does not contain XRP, Symbol =  SALTETH
FirstId is not above 0, Symbol = SALTETH
Count is not above 0, Symbol = SALTETH
Symbol does not contain XRP, Symbol =  MDABTC
FirstId is not above 0, Symbol = MDABTC
Count is not above 0, Symbol = MDABTC
Symbol does not contain XRP, Symbol =  MDAETH
FirstId is not above 0, Symbol = MDAETH
Count is not above 0, Symbol = MDAETH
Symbol does not contain XRP, Symbol =  MTLBTC
Symbol does not contain XRP, Symbol =  MTLETH
FirstId is not above 0, Symbol = MTLETH
Count is not above 0, Symbol = MTLETH
Symbol does not contain XRP, Symbol =  SUBBTC
FirstId is not above 0, Symbol = SUBBTC
Count is not above 0, Symbol = SUBBTC
Symbol does not contain XRP, Symbol =  SUBETH
FirstId is not above 0, Symbol = SUBETH
Count is not above 0, Symbol = SUBETH
Symbol does not contain XRP, Symbol =  EOSBTC
Symbol does not contain XRP, Symbol =  SNTBTC
Symbol does not contain XRP, Symbol =  ETCETH
Symbol does not contain XRP, Symbol =  ETCBTC
Symbol does not contain XRP, Symbol =  MTHBTC
FirstId is not above 0, Symbol = MTHBTC
Count is not above 0, Symbol = MTHBTC
Symbol does not contain XRP, Symbol =  MTHETH
FirstId is not above 0, Symbol = MTHETH
Count is not above 0, Symbol = MTHETH
Symbol does not contain XRP, Symbol =  ENGBTC
FirstId is not above 0, Symbol = ENGBTC
Count is not above 0, Symbol = ENGBTC
Symbol does not contain XRP, Symbol =  ENGETH
FirstId is not above 0, Symbol = ENGETH
Count is not above 0, Symbol = ENGETH
Symbol does not contain XRP, Symbol =  DNTBTC
FirstId is not above 0, Symbol = DNTBTC
Count is not above 0, Symbol = DNTBTC
Symbol does not contain XRP, Symbol =  ZECBTC
Symbol does not contain XRP, Symbol =  ZECETH
Symbol does not contain XRP, Symbol =  BNTBTC
Symbol does not contain XRP, Symbol =  ASTBTC
FirstId is not above 0, Symbol = ASTBTC
Count is not above 0, Symbol = ASTBTC
Symbol does not contain XRP, Symbol =  ASTETH
FirstId is not above 0, Symbol = ASTETH
Count is not above 0, Symbol = ASTETH
Symbol does not contain XRP, Symbol =  DASHBTC
Symbol does not contain XRP, Symbol =  DASHETH
Symbol does not contain XRP, Symbol =  OAXBTC
Symbol does not contain XRP, Symbol =  ICNBTC
FirstId is not above 0, Symbol = ICNBTC
Count is not above 0, Symbol = ICNBTC
Symbol does not contain XRP, Symbol =  BTGBTC
FirstId is not above 0, Symbol = BTGBTC
Count is not above 0, Symbol = BTGBTC
Symbol does not contain XRP, Symbol =  BTGETH
FirstId is not above 0, Symbol = BTGETH
Count is not above 0, Symbol = BTGETH
Symbol does not contain XRP, Symbol =  EVXBTC
FirstId is not above 0, Symbol = EVXBTC
Count is not above 0, Symbol = EVXBTC
Symbol does not contain XRP, Symbol =  EVXETH
FirstId is not above 0, Symbol = EVXETH
Count is not above 0, Symbol = EVXETH
Symbol does not contain XRP, Symbol =  REQBTC
Symbol does not contain XRP, Symbol =  REQETH
FirstId is not above 0, Symbol = REQETH
Count is not above 0, Symbol = REQETH
Symbol does not contain XRP, Symbol =  VIBBTC
Symbol does not contain XRP, Symbol =  VIBETH
FirstId is not above 0, Symbol = VIBETH
Count is not above 0, Symbol = VIBETH
Symbol does not contain XRP, Symbol =  HSRETH
FirstId is not above 0, Symbol = HSRETH
Count is not above 0, Symbol = HSRETH
Symbol does not contain XRP, Symbol =  TRXBTC
Symbol does not contain XRP, Symbol =  TRXETH
Symbol does not contain XRP, Symbol =  POWRBTC
Symbol does not contain XRP, Symbol =  POWRETH
Symbol does not contain XRP, Symbol =  ARKBTC
FirstId is not above 0, Symbol = ARKBTC
Count is not above 0, Symbol = ARKBTC
Symbol does not contain XRP, Symbol =  ARKETH
FirstId is not above 0, Symbol = ARKETH
Count is not above 0, Symbol = ARKETH
Symbol does not contain XRP, Symbol =  YOYOETH
FirstId is not above 0, Symbol = YOYOETH
Count is not above 0, Symbol = YOYOETH
Conditions met: XRPBTC
Conditions met: XRPETH
Symbol does not contain XRP, Symbol =  MODBTC
FirstId is not above 0, Symbol = MODBTC
Count is not above 0, Symbol = MODBTC
Symbol does not contain XRP, Symbol =  MODETH
FirstId is not above 0, Symbol = MODETH
Count is not above 0, Symbol = MODETH
Symbol does not contain XRP, Symbol =  ENJBTC
Symbol does not contain XRP, Symbol =  ENJETH
Symbol does not contain XRP, Symbol =  STORJBTC
Symbol does not contain XRP, Symbol =  STORJETH
FirstId is not above 0, Symbol = STORJETH
Count is not above 0, Symbol = STORJETH
Symbol does not contain XRP, Symbol =  BNBUSDT
Symbol does not contain XRP, Symbol =  VENBNB
FirstId is not above 0, Symbol = VENBNB
Count is not above 0, Symbol = VENBNB
Symbol does not contain XRP, Symbol =  YOYOBNB
FirstId is not above 0, Symbol = YOYOBNB
Count is not above 0, Symbol = YOYOBNB
Symbol does not contain XRP, Symbol =  POWRBNB
FirstId is not above 0, Symbol = POWRBNB
Count is not above 0, Symbol = POWRBNB
Symbol does not contain XRP, Symbol =  VENBTC
FirstId is not above 0, Symbol = VENBTC
Count is not above 0, Symbol = VENBTC
Symbol does not contain XRP, Symbol =  VENETH
FirstId is not above 0, Symbol = VENETH
Count is not above 0, Symbol = VENETH
Symbol does not contain XRP, Symbol =  KMDBTC
Symbol does not contain XRP, Symbol =  KMDETH
FirstId is not above 0, Symbol = KMDETH
Count is not above 0, Symbol = KMDETH
Symbol does not contain XRP, Symbol =  NULSBNB
FirstId is not above 0, Symbol = NULSBNB
Count is not above 0, Symbol = NULSBNB
Symbol does not contain XRP, Symbol =  RCNBTC
FirstId is not above 0, Symbol = RCNBTC
Count is not above 0, Symbol = RCNBTC
Symbol does not contain XRP, Symbol =  RCNETH
FirstId is not above 0, Symbol = RCNETH
Count is not above 0, Symbol = RCNETH
Symbol does not contain XRP, Symbol =  RCNBNB
FirstId is not above 0, Symbol = RCNBNB
Count is not above 0, Symbol = RCNBNB
Symbol does not contain XRP, Symbol =  NULSBTC
Symbol does not contain XRP, Symbol =  NULSETH
FirstId is not above 0, Symbol = NULSETH
Count is not above 0, Symbol = NULSETH
Symbol does not contain XRP, Symbol =  RDNBTC
FirstId is not above 0, Symbol = RDNBTC
Count is not above 0, Symbol = RDNBTC
Symbol does not contain XRP, Symbol =  RDNETH
FirstId is not above 0, Symbol = RDNETH
Count is not above 0, Symbol = RDNETH
Symbol does not contain XRP, Symbol =  RDNBNB
FirstId is not above 0, Symbol = RDNBNB
Count is not above 0, Symbol = RDNBNB
Symbol does not contain XRP, Symbol =  XMRBTC
FirstId is not above 0, Symbol = XMRBTC
Count is not above 0, Symbol = XMRBTC
Symbol does not contain XRP, Symbol =  XMRETH
FirstId is not above 0, Symbol = XMRETH
Count is not above 0, Symbol = XMRETH
Symbol does not contain XRP, Symbol =  DLTBNB
FirstId is not above 0, Symbol = DLTBNB
Count is not above 0, Symbol = DLTBNB
Symbol does not contain XRP, Symbol =  WTCBNB
FirstId is not above 0, Symbol = WTCBNB
Count is not above 0, Symbol = WTCBNB
Symbol does not contain XRP, Symbol =  DLTBTC
FirstId is not above 0, Symbol = DLTBTC
Count is not above 0, Symbol = DLTBTC
Symbol does not contain XRP, Symbol =  DLTETH
FirstId is not above 0, Symbol = DLTETH
Count is not above 0, Symbol = DLTETH
Symbol does not contain XRP, Symbol =  AMBBTC
FirstId is not above 0, Symbol = AMBBTC
Count is not above 0, Symbol = AMBBTC
Symbol does not contain XRP, Symbol =  AMBETH
FirstId is not above 0, Symbol = AMBETH
Count is not above 0, Symbol = AMBETH
Symbol does not contain XRP, Symbol =  AMBBNB
FirstId is not above 0, Symbol = AMBBNB
Count is not above 0, Symbol = AMBBNB
Symbol does not contain XRP, Symbol =  BCCETH
FirstId is not above 0, Symbol = BCCETH
Count is not above 0, Symbol = BCCETH
Symbol does not contain XRP, Symbol =  BCCUSDT
FirstId is not above 0, Symbol = BCCUSDT
Count is not above 0, Symbol = BCCUSDT
Symbol does not contain XRP, Symbol =  BCCBNB
FirstId is not above 0, Symbol = BCCBNB
Count is not above 0, Symbol = BCCBNB
Symbol does not contain XRP, Symbol =  BATBTC
Symbol does not contain XRP, Symbol =  BATETH
FirstId is not above 0, Symbol = BATETH
Count is not above 0, Symbol = BATETH
Symbol does not contain XRP, Symbol =  BATBNB
FirstId is not above 0, Symbol = BATBNB
Count is not above 0, Symbol = BATBNB
Symbol does not contain XRP, Symbol =  BCPTBTC
FirstId is not above 0, Symbol = BCPTBTC
Count is not above 0, Symbol = BCPTBTC
Symbol does not contain XRP, Symbol =  BCPTETH
FirstId is not above 0, Symbol = BCPTETH
Count is not above 0, Symbol = BCPTETH
Symbol does not contain XRP, Symbol =  BCPTBNB
FirstId is not above 0, Symbol = BCPTBNB
Count is not above 0, Symbol = BCPTBNB
Symbol does not contain XRP, Symbol =  ARNBTC
FirstId is not above 0, Symbol = ARNBTC
Count is not above 0, Symbol = ARNBTC
Symbol does not contain XRP, Symbol =  ARNETH
FirstId is not above 0, Symbol = ARNETH
Count is not above 0, Symbol = ARNETH
Symbol does not contain XRP, Symbol =  GVTBTC
FirstId is not above 0, Symbol = GVTBTC
Count is not above 0, Symbol = GVTBTC
Symbol does not contain XRP, Symbol =  GVTETH
FirstId is not above 0, Symbol = GVTETH
Count is not above 0, Symbol = GVTETH
Symbol does not contain XRP, Symbol =  CDTBTC
FirstId is not above 0, Symbol = CDTBTC
Count is not above 0, Symbol = CDTBTC
Symbol does not contain XRP, Symbol =  CDTETH
FirstId is not above 0, Symbol = CDTETH
Count is not above 0, Symbol = CDTETH
Symbol does not contain XRP, Symbol =  GXSBTC
FirstId is not above 0, Symbol = GXSBTC
Count is not above 0, Symbol = GXSBTC
Symbol does not contain XRP, Symbol =  GXSETH
FirstId is not above 0, Symbol = GXSETH
Count is not above 0, Symbol = GXSETH
Symbol does not contain XRP, Symbol =  NEOUSDT
Symbol does not contain XRP, Symbol =  NEOBNB
FirstId is not above 0, Symbol = NEOBNB
Count is not above 0, Symbol = NEOBNB
Symbol does not contain XRP, Symbol =  POEBTC
FirstId is not above 0, Symbol = POEBTC
Count is not above 0, Symbol = POEBTC
Symbol does not contain XRP, Symbol =  POEETH
FirstId is not above 0, Symbol = POEETH
Count is not above 0, Symbol = POEETH
Symbol does not contain XRP, Symbol =  QSPBTC
FirstId is not above 0, Symbol = QSPBTC
Count is not above 0, Symbol = QSPBTC
Symbol does not contain XRP, Symbol =  QSPETH
FirstId is not above 0, Symbol = QSPETH
Count is not above 0, Symbol = QSPETH
Symbol does not contain XRP, Symbol =  QSPBNB
FirstId is not above 0, Symbol = QSPBNB
Count is not above 0, Symbol = QSPBNB
Symbol does not contain XRP, Symbol =  BTSBTC
FirstId is not above 0, Symbol = BTSBTC
Count is not above 0, Symbol = BTSBTC
Symbol does not contain XRP, Symbol =  BTSETH
FirstId is not above 0, Symbol = BTSETH
Count is not above 0, Symbol = BTSETH
Symbol does not contain XRP, Symbol =  BTSBNB
FirstId is not above 0, Symbol = BTSBNB
Count is not above 0, Symbol = BTSBNB
Symbol does not contain XRP, Symbol =  XZCBTC
FirstId is not above 0, Symbol = XZCBTC
Count is not above 0, Symbol = XZCBTC
Symbol does not contain XRP, Symbol =  XZCETH
FirstId is not above 0, Symbol = XZCETH
Count is not above 0, Symbol = XZCETH
Symbol does not contain XRP, Symbol =  XZCBNB
FirstId is not above 0, Symbol = XZCBNB
Count is not above 0, Symbol = XZCBNB
Symbol does not contain XRP, Symbol =  LSKBTC
Symbol does not contain XRP, Symbol =  LSKETH
Symbol does not contain XRP, Symbol =  LSKBNB
FirstId is not above 0, Symbol = LSKBNB
Count is not above 0, Symbol = LSKBNB
Symbol does not contain XRP, Symbol =  TNTBTC
FirstId is not above 0, Symbol = TNTBTC
Count is not above 0, Symbol = TNTBTC
Symbol does not contain XRP, Symbol =  TNTETH
FirstId is not above 0, Symbol = TNTETH
Count is not above 0, Symbol = TNTETH
Symbol does not contain XRP, Symbol =  FUELBTC
FirstId is not above 0, Symbol = FUELBTC
Count is not above 0, Symbol = FUELBTC
Symbol does not contain XRP, Symbol =  FUELETH
FirstId is not above 0, Symbol = FUELETH
Count is not above 0, Symbol = FUELETH
Symbol does not contain XRP, Symbol =  MANABTC
Symbol does not contain XRP, Symbol =  MANAETH
Symbol does not contain XRP, Symbol =  BCDBTC
FirstId is not above 0, Symbol = BCDBTC
Count is not above 0, Symbol = BCDBTC
Symbol does not contain XRP, Symbol =  BCDETH
FirstId is not above 0, Symbol = BCDETH
Count is not above 0, Symbol = BCDETH
Symbol does not contain XRP, Symbol =  DGDBTC
FirstId is not above 0, Symbol = DGDBTC
Count is not above 0, Symbol = DGDBTC
Symbol does not contain XRP, Symbol =  DGDETH
FirstId is not above 0, Symbol = DGDETH
Count is not above 0, Symbol = DGDETH
Symbol does not contain XRP, Symbol =  IOTABNB
FirstId is not above 0, Symbol = IOTABNB
Count is not above 0, Symbol = IOTABNB
Symbol does not contain XRP, Symbol =  ADXBTC
Symbol does not contain XRP, Symbol =  ADXETH
Symbol does not contain XRP, Symbol =  ADXBNB
FirstId is not above 0, Symbol = ADXBNB
Count is not above 0, Symbol = ADXBNB
Symbol does not contain XRP, Symbol =  ADABTC
Symbol does not contain XRP, Symbol =  ADAETH
Symbol does not contain XRP, Symbol =  PPTBTC
FirstId is not above 0, Symbol = PPTBTC
Count is not above 0, Symbol = PPTBTC
Symbol does not contain XRP, Symbol =  PPTETH
FirstId is not above 0, Symbol = PPTETH
Count is not above 0, Symbol = PPTETH
Symbol does not contain XRP, Symbol =  CMTBTC
FirstId is not above 0, Symbol = CMTBTC
Count is not above 0, Symbol = CMTBTC
Symbol does not contain XRP, Symbol =  CMTETH
FirstId is not above 0, Symbol = CMTETH
Count is not above 0, Symbol = CMTETH
Symbol does not contain XRP, Symbol =  CMTBNB
FirstId is not above 0, Symbol = CMTBNB
Count is not above 0, Symbol = CMTBNB
Symbol does not contain XRP, Symbol =  XLMBTC
Symbol does not contain XRP, Symbol =  XLMETH
Symbol does not contain XRP, Symbol =  XLMBNB
FirstId is not above 0, Symbol = XLMBNB
Count is not above 0, Symbol = XLMBNB
Symbol does not contain XRP, Symbol =  CNDBTC
FirstId is not above 0, Symbol = CNDBTC
Count is not above 0, Symbol = CNDBTC
Symbol does not contain XRP, Symbol =  CNDETH
FirstId is not above 0, Symbol = CNDETH
Count is not above 0, Symbol = CNDETH
Symbol does not contain XRP, Symbol =  CNDBNB
FirstId is not above 0, Symbol = CNDBNB
Count is not above 0, Symbol = CNDBNB
Symbol does not contain XRP, Symbol =  LENDBTC
FirstId is not above 0, Symbol = LENDBTC
Count is not above 0, Symbol = LENDBTC
Symbol does not contain XRP, Symbol =  LENDETH
FirstId is not above 0, Symbol = LENDETH
Count is not above 0, Symbol = LENDETH
Symbol does not contain XRP, Symbol =  WABIBTC
FirstId is not above 0, Symbol = WABIBTC
Count is not above 0, Symbol = WABIBTC
Symbol does not contain XRP, Symbol =  WABIETH
FirstId is not above 0, Symbol = WABIETH
Count is not above 0, Symbol = WABIETH
Symbol does not contain XRP, Symbol =  WABIBNB
FirstId is not above 0, Symbol = WABIBNB
Count is not above 0, Symbol = WABIBNB
Symbol does not contain XRP, Symbol =  LTCETH
Symbol does not contain XRP, Symbol =  LTCUSDT
Symbol does not contain XRP, Symbol =  LTCBNB
Symbol does not contain XRP, Symbol =  TNBBTC
FirstId is not above 0, Symbol = TNBBTC
Count is not above 0, Symbol = TNBBTC
Symbol does not contain XRP, Symbol =  TNBETH
FirstId is not above 0, Symbol = TNBETH
Count is not above 0, Symbol = TNBETH
Symbol does not contain XRP, Symbol =  WAVESBTC
FirstId is not above 0, Symbol = WAVESBTC
Count is not above 0, Symbol = WAVESBTC
Symbol does not contain XRP, Symbol =  WAVESETH
FirstId is not above 0, Symbol = WAVESETH
Count is not above 0, Symbol = WAVESETH
Symbol does not contain XRP, Symbol =  WAVESBNB
FirstId is not above 0, Symbol = WAVESBNB
Count is not above 0, Symbol = WAVESBNB
Symbol does not contain XRP, Symbol =  GTOBTC
FirstId is not above 0, Symbol = GTOBTC
Count is not above 0, Symbol = GTOBTC
Symbol does not contain XRP, Symbol =  GTOETH
FirstId is not above 0, Symbol = GTOETH
Count is not above 0, Symbol = GTOETH
Symbol does not contain XRP, Symbol =  GTOBNB
FirstId is not above 0, Symbol = GTOBNB
Count is not above 0, Symbol = GTOBNB
Symbol does not contain XRP, Symbol =  ICXBTC
Symbol does not contain XRP, Symbol =  ICXETH
FirstId is not above 0, Symbol = ICXETH
Count is not above 0, Symbol = ICXETH
Symbol does not contain XRP, Symbol =  ICXBNB
FirstId is not above 0, Symbol = ICXBNB
Count is not above 0, Symbol = ICXBNB
Symbol does not contain XRP, Symbol =  OSTBTC
FirstId is not above 0, Symbol = OSTBTC
Count is not above 0, Symbol = OSTBTC
Symbol does not contain XRP, Symbol =  OSTETH
FirstId is not above 0, Symbol = OSTETH
Count is not above 0, Symbol = OSTETH
Symbol does not contain XRP, Symbol =  OSTBNB
FirstId is not above 0, Symbol = OSTBNB
Count is not above 0, Symbol = OSTBNB
Symbol does not contain XRP, Symbol =  ELFBTC
Symbol does not contain XRP, Symbol =  ELFETH
Symbol does not contain XRP, Symbol =  AIONBTC
FirstId is not above 0, Symbol = AIONBTC
Count is not above 0, Symbol = AIONBTC
Symbol does not contain XRP, Symbol =  AIONETH
FirstId is not above 0, Symbol = AIONETH
Count is not above 0, Symbol = AIONETH
Symbol does not contain XRP, Symbol =  AIONBNB
FirstId is not above 0, Symbol = AIONBNB
Count is not above 0, Symbol = AIONBNB
Symbol does not contain XRP, Symbol =  NEBLBTC
FirstId is not above 0, Symbol = NEBLBTC
Count is not above 0, Symbol = NEBLBTC
Symbol does not contain XRP, Symbol =  NEBLBNB
FirstId is not above 0, Symbol = NEBLBNB
Count is not above 0, Symbol = NEBLBNB
Symbol does not contain XRP, Symbol =  BRDBTC
FirstId is not above 0, Symbol = BRDBTC
Count is not above 0, Symbol = BRDBTC
Symbol does not contain XRP, Symbol =  BRDETH
FirstId is not above 0, Symbol = BRDETH
Count is not above 0, Symbol = BRDETH
Symbol does not contain XRP, Symbol =  BRDBNB
FirstId is not above 0, Symbol = BRDBNB
Count is not above 0, Symbol = BRDBNB
Symbol does not contain XRP, Symbol =  MCOBNB
FirstId is not above 0, Symbol = MCOBNB
Count is not above 0, Symbol = MCOBNB
Symbol does not contain XRP, Symbol =  EDOBTC
FirstId is not above 0, Symbol = EDOBTC
Count is not above 0, Symbol = EDOBTC
Symbol does not contain XRP, Symbol =  EDOETH
FirstId is not above 0, Symbol = EDOETH
Count is not above 0, Symbol = EDOETH
Symbol does not contain XRP, Symbol =  WINGSBTC
FirstId is not above 0, Symbol = WINGSBTC
Count is not above 0, Symbol = WINGSBTC
Symbol does not contain XRP, Symbol =  WINGSETH
FirstId is not above 0, Symbol = WINGSETH
Count is not above 0, Symbol = WINGSETH
Symbol does not contain XRP, Symbol =  NAVBTC
FirstId is not above 0, Symbol = NAVBTC
Count is not above 0, Symbol = NAVBTC
Symbol does not contain XRP, Symbol =  NAVETH
FirstId is not above 0, Symbol = NAVETH
Count is not above 0, Symbol = NAVETH
Symbol does not contain XRP, Symbol =  NAVBNB
FirstId is not above 0, Symbol = NAVBNB
Count is not above 0, Symbol = NAVBNB
Symbol does not contain XRP, Symbol =  LUNBTC
FirstId is not above 0, Symbol = LUNBTC
Count is not above 0, Symbol = LUNBTC
Symbol does not contain XRP, Symbol =  LUNETH
FirstId is not above 0, Symbol = LUNETH
Count is not above 0, Symbol = LUNETH
Symbol does not contain XRP, Symbol =  TRIGBTC
FirstId is not above 0, Symbol = TRIGBTC
Count is not above 0, Symbol = TRIGBTC
Symbol does not contain XRP, Symbol =  TRIGETH
FirstId is not above 0, Symbol = TRIGETH
Count is not above 0, Symbol = TRIGETH
Symbol does not contain XRP, Symbol =  TRIGBNB
FirstId is not above 0, Symbol = TRIGBNB
Count is not above 0, Symbol = TRIGBNB
Symbol does not contain XRP, Symbol =  APPCBTC
FirstId is not above 0, Symbol = APPCBTC
Count is not above 0, Symbol = APPCBTC
Symbol does not contain XRP, Symbol =  APPCETH
FirstId is not above 0, Symbol = APPCETH
Count is not above 0, Symbol = APPCETH
Symbol does not contain XRP, Symbol =  APPCBNB
FirstId is not above 0, Symbol = APPCBNB
Count is not above 0, Symbol = APPCBNB
Symbol does not contain XRP, Symbol =  VIBEBTC
FirstId is not above 0, Symbol = VIBEBTC
Count is not above 0, Symbol = VIBEBTC
Symbol does not contain XRP, Symbol =  VIBEETH
FirstId is not above 0, Symbol = VIBEETH
Count is not above 0, Symbol = VIBEETH
Symbol does not contain XRP, Symbol =  RLCBTC
Symbol does not contain XRP, Symbol =  RLCETH
Symbol does not contain XRP, Symbol =  RLCBNB
FirstId is not above 0, Symbol = RLCBNB
Count is not above 0, Symbol = RLCBNB
Symbol does not contain XRP, Symbol =  INSBTC
FirstId is not above 0, Symbol = INSBTC
Count is not above 0, Symbol = INSBTC
Symbol does not contain XRP, Symbol =  INSETH
FirstId is not above 0, Symbol = INSETH
Count is not above 0, Symbol = INSETH
Symbol does not contain XRP, Symbol =  PIVXBTC
Symbol does not contain XRP, Symbol =  PIVXBNB
FirstId is not above 0, Symbol = PIVXBNB
Count is not above 0, Symbol = PIVXBNB
Symbol does not contain XRP, Symbol =  IOSTBTC
FirstId is not above 0, Symbol = IOSTBTC
Count is not above 0, Symbol = IOSTBTC
Symbol does not contain XRP, Symbol =  IOSTETH
FirstId is not above 0, Symbol = IOSTETH
Count is not above 0, Symbol = IOSTETH
Symbol does not contain XRP, Symbol =  CHATBTC
FirstId is not above 0, Symbol = CHATBTC
Count is not above 0, Symbol = CHATBTC
Symbol does not contain XRP, Symbol =  CHATETH
FirstId is not above 0, Symbol = CHATETH
Count is not above 0, Symbol = CHATETH
Symbol does not contain XRP, Symbol =  STEEMBTC
Symbol does not contain XRP, Symbol =  STEEMETH
Symbol does not contain XRP, Symbol =  STEEMBNB
FirstId is not above 0, Symbol = STEEMBNB
Count is not above 0, Symbol = STEEMBNB
Symbol does not contain XRP, Symbol =  NANOBTC
FirstId is not above 0, Symbol = NANOBTC
Count is not above 0, Symbol = NANOBTC
Symbol does not contain XRP, Symbol =  NANOETH
FirstId is not above 0, Symbol = NANOETH
Count is not above 0, Symbol = NANOETH
Symbol does not contain XRP, Symbol =  NANOBNB
FirstId is not above 0, Symbol = NANOBNB
Count is not above 0, Symbol = NANOBNB
Symbol does not contain XRP, Symbol =  VIABTC
FirstId is not above 0, Symbol = VIABTC
Count is not above 0, Symbol = VIABTC
Symbol does not contain XRP, Symbol =  VIAETH
FirstId is not above 0, Symbol = VIAETH
Count is not above 0, Symbol = VIAETH
Symbol does not contain XRP, Symbol =  VIABNB
FirstId is not above 0, Symbol = VIABNB
Count is not above 0, Symbol = VIABNB
Symbol does not contain XRP, Symbol =  BLZBTC
Symbol does not contain XRP, Symbol =  BLZETH
FirstId is not above 0, Symbol = BLZETH
Count is not above 0, Symbol = BLZETH
Symbol does not contain XRP, Symbol =  BLZBNB
FirstId is not above 0, Symbol = BLZBNB
Count is not above 0, Symbol = BLZBNB
Symbol does not contain XRP, Symbol =  AEBTC
FirstId is not above 0, Symbol = AEBTC
Count is not above 0, Symbol = AEBTC
Symbol does not contain XRP, Symbol =  AEETH
FirstId is not above 0, Symbol = AEETH
Count is not above 0, Symbol = AEETH
Symbol does not contain XRP, Symbol =  AEBNB
FirstId is not above 0, Symbol = AEBNB
Count is not above 0, Symbol = AEBNB
Symbol does not contain XRP, Symbol =  RPXBTC
FirstId is not above 0, Symbol = RPXBTC
Count is not above 0, Symbol = RPXBTC
Symbol does not contain XRP, Symbol =  RPXETH
FirstId is not above 0, Symbol = RPXETH
Count is not above 0, Symbol = RPXETH
Symbol does not contain XRP, Symbol =  RPXBNB
FirstId is not above 0, Symbol = RPXBNB
Count is not above 0, Symbol = RPXBNB
Symbol does not contain XRP, Symbol =  NCASHBTC
FirstId is not above 0, Symbol = NCASHBTC
Count is not above 0, Symbol = NCASHBTC
Symbol does not contain XRP, Symbol =  NCASHETH
FirstId is not above 0, Symbol = NCASHETH
Count is not above 0, Symbol = NCASHETH
Symbol does not contain XRP, Symbol =  NCASHBNB
FirstId is not above 0, Symbol = NCASHBNB
Count is not above 0, Symbol = NCASHBNB
Symbol does not contain XRP, Symbol =  POABTC
FirstId is not above 0, Symbol = POABTC
Count is not above 0, Symbol = POABTC
Symbol does not contain XRP, Symbol =  POAETH
FirstId is not above 0, Symbol = POAETH
Count is not above 0, Symbol = POAETH
Symbol does not contain XRP, Symbol =  POABNB
FirstId is not above 0, Symbol = POABNB
Count is not above 0, Symbol = POABNB
Symbol does not contain XRP, Symbol =  ZILBTC
Symbol does not contain XRP, Symbol =  ZILETH
Symbol does not contain XRP, Symbol =  ZILBNB
FirstId is not above 0, Symbol = ZILBNB
Count is not above 0, Symbol = ZILBNB
Symbol does not contain XRP, Symbol =  ONTBTC
Symbol does not contain XRP, Symbol =  ONTETH
FirstId is not above 0, Symbol = ONTETH
Count is not above 0, Symbol = ONTETH
Symbol does not contain XRP, Symbol =  ONTBNB
FirstId is not above 0, Symbol = ONTBNB
Count is not above 0, Symbol = ONTBNB
Symbol does not contain XRP, Symbol =  STORMBTC
FirstId is not above 0, Symbol = STORMBTC
Count is not above 0, Symbol = STORMBTC
Symbol does not contain XRP, Symbol =  STORMETH
FirstId is not above 0, Symbol = STORMETH
Count is not above 0, Symbol = STORMETH
Symbol does not contain XRP, Symbol =  STORMBNB
FirstId is not above 0, Symbol = STORMBNB
Count is not above 0, Symbol = STORMBNB
Symbol does not contain XRP, Symbol =  QTUMBNB
FirstId is not above 0, Symbol = QTUMBNB
Count is not above 0, Symbol = QTUMBNB
Symbol does not contain XRP, Symbol =  QTUMUSDT
Symbol does not contain XRP, Symbol =  XEMBTC
FirstId is not above 0, Symbol = XEMBTC
Count is not above 0, Symbol = XEMBTC
Symbol does not contain XRP, Symbol =  XEMETH
FirstId is not above 0, Symbol = XEMETH
Count is not above 0, Symbol = XEMETH
Symbol does not contain XRP, Symbol =  XEMBNB
FirstId is not above 0, Symbol = XEMBNB
Count is not above 0, Symbol = XEMBNB
Symbol does not contain XRP, Symbol =  WANBTC
Symbol does not contain XRP, Symbol =  WANETH
FirstId is not above 0, Symbol = WANETH
Count is not above 0, Symbol = WANETH
Symbol does not contain XRP, Symbol =  WANBNB
FirstId is not above 0, Symbol = WANBNB
Count is not above 0, Symbol = WANBNB
Symbol does not contain XRP, Symbol =  WPRBTC
FirstId is not above 0, Symbol = WPRBTC
Count is not above 0, Symbol = WPRBTC
Symbol does not contain XRP, Symbol =  WPRETH
FirstId is not above 0, Symbol = WPRETH
Count is not above 0, Symbol = WPRETH
Symbol does not contain XRP, Symbol =  QLCBTC
FirstId is not above 0, Symbol = QLCBTC
Count is not above 0, Symbol = QLCBTC
Symbol does not contain XRP, Symbol =  QLCETH
FirstId is not above 0, Symbol = QLCETH
Count is not above 0, Symbol = QLCETH
Symbol does not contain XRP, Symbol =  SYSBTC
Symbol does not contain XRP, Symbol =  SYSETH
FirstId is not above 0, Symbol = SYSETH
Count is not above 0, Symbol = SYSETH
Symbol does not contain XRP, Symbol =  SYSBNB
FirstId is not above 0, Symbol = SYSBNB
Count is not above 0, Symbol = SYSBNB
Symbol does not contain XRP, Symbol =  QLCBNB
FirstId is not above 0, Symbol = QLCBNB
Count is not above 0, Symbol = QLCBNB
Symbol does not contain XRP, Symbol =  GRSBTC
FirstId is not above 0, Symbol = GRSBTC
Count is not above 0, Symbol = GRSBTC
Symbol does not contain XRP, Symbol =  GRSETH
FirstId is not above 0, Symbol = GRSETH
Count is not above 0, Symbol = GRSETH
Symbol does not contain XRP, Symbol =  ADAUSDT
Symbol does not contain XRP, Symbol =  ADABNB
Symbol does not contain XRP, Symbol =  CLOAKBTC
FirstId is not above 0, Symbol = CLOAKBTC
Count is not above 0, Symbol = CLOAKBTC
Symbol does not contain XRP, Symbol =  CLOAKETH
FirstId is not above 0, Symbol = CLOAKETH
Count is not above 0, Symbol = CLOAKETH
Symbol does not contain XRP, Symbol =  GNTBTC
FirstId is not above 0, Symbol = GNTBTC
Count is not above 0, Symbol = GNTBTC
Symbol does not contain XRP, Symbol =  GNTETH
FirstId is not above 0, Symbol = GNTETH
Count is not above 0, Symbol = GNTETH
Symbol does not contain XRP, Symbol =  GNTBNB
FirstId is not above 0, Symbol = GNTBNB
Count is not above 0, Symbol = GNTBNB
Symbol does not contain XRP, Symbol =  LOOMBTC
Symbol does not contain XRP, Symbol =  LOOMETH
FirstId is not above 0, Symbol = LOOMETH
Count is not above 0, Symbol = LOOMETH
Symbol does not contain XRP, Symbol =  LOOMBNB
FirstId is not above 0, Symbol = LOOMBNB
Count is not above 0, Symbol = LOOMBNB
Conditions met: XRPUSDT
Symbol does not contain XRP, Symbol =  BCNBTC
FirstId is not above 0, Symbol = BCNBTC
Count is not above 0, Symbol = BCNBTC
Symbol does not contain XRP, Symbol =  BCNETH
FirstId is not above 0, Symbol = BCNETH
Count is not above 0, Symbol = BCNETH
Symbol does not contain XRP, Symbol =  BCNBNB
FirstId is not above 0, Symbol = BCNBNB
Count is not above 0, Symbol = BCNBNB
Symbol does not contain XRP, Symbol =  REPBTC
FirstId is not above 0, Symbol = REPBTC
Count is not above 0, Symbol = REPBTC
Symbol does not contain XRP, Symbol =  REPBNB
FirstId is not above 0, Symbol = REPBNB
Count is not above 0, Symbol = REPBNB
Symbol does not contain XRP, Symbol =  BTCTUSD
Symbol does not contain XRP, Symbol =  TUSDBTC
FirstId is not above 0, Symbol = TUSDBTC
Count is not above 0, Symbol = TUSDBTC
Symbol does not contain XRP, Symbol =  ETHTUSD
Symbol does not contain XRP, Symbol =  TUSDETH
FirstId is not above 0, Symbol = TUSDETH
Count is not above 0, Symbol = TUSDETH
Symbol does not contain XRP, Symbol =  TUSDBNB
FirstId is not above 0, Symbol = TUSDBNB
Count is not above 0, Symbol = TUSDBNB
Symbol does not contain XRP, Symbol =  ZENBTC
Symbol does not contain XRP, Symbol =  ZENETH
Symbol does not contain XRP, Symbol =  ZENBNB
FirstId is not above 0, Symbol = ZENBNB
Count is not above 0, Symbol = ZENBNB
Symbol does not contain XRP, Symbol =  SKYBTC
FirstId is not above 0, Symbol = SKYBTC
Count is not above 0, Symbol = SKYBTC
Symbol does not contain XRP, Symbol =  SKYETH
FirstId is not above 0, Symbol = SKYETH
Count is not above 0, Symbol = SKYETH
Symbol does not contain XRP, Symbol =  SKYBNB
FirstId is not above 0, Symbol = SKYBNB
Count is not above 0, Symbol = SKYBNB
Symbol does not contain XRP, Symbol =  EOSUSDT
Symbol does not contain XRP, Symbol =  EOSBNB
FirstId is not above 0, Symbol = EOSBNB
Count is not above 0, Symbol = EOSBNB
Symbol does not contain XRP, Symbol =  CVCBTC
FirstId is not above 0, Symbol = CVCBTC
Count is not above 0, Symbol = CVCBTC
Symbol does not contain XRP, Symbol =  CVCETH
FirstId is not above 0, Symbol = CVCETH
Count is not above 0, Symbol = CVCETH
Symbol does not contain XRP, Symbol =  CVCBNB
FirstId is not above 0, Symbol = CVCBNB
Count is not above 0, Symbol = CVCBNB
Symbol does not contain XRP, Symbol =  THETABTC
Symbol does not contain XRP, Symbol =  THETAETH
Symbol does not contain XRP, Symbol =  THETABNB
FirstId is not above 0, Symbol = THETABNB
Count is not above 0, Symbol = THETABNB
Conditions met: XRPBNB
Symbol does not contain XRP, Symbol =  TUSDUSDT
Symbol does not contain XRP, Symbol =  IOTAUSDT
Symbol does not contain XRP, Symbol =  XLMUSDT
Symbol does not contain XRP, Symbol =  IOTXBTC
Symbol does not contain XRP, Symbol =  IOTXETH
Symbol does not contain XRP, Symbol =  QKCBTC
Symbol does not contain XRP, Symbol =  QKCETH
FirstId is not above 0, Symbol = QKCETH
Count is not above 0, Symbol = QKCETH
Symbol does not contain XRP, Symbol =  AGIBTC
FirstId is not above 0, Symbol = AGIBTC
Count is not above 0, Symbol = AGIBTC
Symbol does not contain XRP, Symbol =  AGIETH
FirstId is not above 0, Symbol = AGIETH
Count is not above 0, Symbol = AGIETH
Symbol does not contain XRP, Symbol =  AGIBNB
FirstId is not above 0, Symbol = AGIBNB
Count is not above 0, Symbol = AGIBNB
Symbol does not contain XRP, Symbol =  NXSBTC
FirstId is not above 0, Symbol = NXSBTC
Count is not above 0, Symbol = NXSBTC
Symbol does not contain XRP, Symbol =  NXSETH
FirstId is not above 0, Symbol = NXSETH
Count is not above 0, Symbol = NXSETH
Symbol does not contain XRP, Symbol =  NXSBNB
FirstId is not above 0, Symbol = NXSBNB
Count is not above 0, Symbol = NXSBNB
Symbol does not contain XRP, Symbol =  ENJBNB
FirstId is not above 0, Symbol = ENJBNB
Count is not above 0, Symbol = ENJBNB
Symbol does not contain XRP, Symbol =  DATABTC
Symbol does not contain XRP, Symbol =  DATAETH
FirstId is not above 0, Symbol = DATAETH
Count is not above 0, Symbol = DATAETH
Symbol does not contain XRP, Symbol =  ONTUSDT
Symbol does not contain XRP, Symbol =  TRXBNB
Symbol does not contain XRP, Symbol =  TRXUSDT
Symbol does not contain XRP, Symbol =  ETCUSDT
Symbol does not contain XRP, Symbol =  ETCBNB
Symbol does not contain XRP, Symbol =  ICXUSDT
Symbol does not contain XRP, Symbol =  SCBTC
FirstId is not above 0, Symbol = SCBTC
Count is not above 0, Symbol = SCBTC
Symbol does not contain XRP, Symbol =  SCETH
Symbol does not contain XRP, Symbol =  NPXSBTC
FirstId is not above 0, Symbol = NPXSBTC
Count is not above 0, Symbol = NPXSBTC
Symbol does not contain XRP, Symbol =  NPXSETH
FirstId is not above 0, Symbol = NPXSETH
Count is not above 0, Symbol = NPXSETH
Symbol does not contain XRP, Symbol =  VENUSDT
FirstId is not above 0, Symbol = VENUSDT
Count is not above 0, Symbol = VENUSDT
Symbol does not contain XRP, Symbol =  KEYBTC
FirstId is not above 0, Symbol = KEYBTC
Count is not above 0, Symbol = KEYBTC
Symbol does not contain XRP, Symbol =  KEYETH
FirstId is not above 0, Symbol = KEYETH
Count is not above 0, Symbol = KEYETH
Symbol does not contain XRP, Symbol =  NASBTC
FirstId is not above 0, Symbol = NASBTC
Count is not above 0, Symbol = NASBTC
Symbol does not contain XRP, Symbol =  NASETH
FirstId is not above 0, Symbol = NASETH
Count is not above 0, Symbol = NASETH
Symbol does not contain XRP, Symbol =  NASBNB
FirstId is not above 0, Symbol = NASBNB
Count is not above 0, Symbol = NASBNB
Symbol does not contain XRP, Symbol =  MFTBTC
FirstId is not above 0, Symbol = MFTBTC
Count is not above 0, Symbol = MFTBTC
Symbol does not contain XRP, Symbol =  MFTETH
FirstId is not above 0, Symbol = MFTETH
Count is not above 0, Symbol = MFTETH
Symbol does not contain XRP, Symbol =  MFTBNB
FirstId is not above 0, Symbol = MFTBNB
Count is not above 0, Symbol = MFTBNB
Symbol does not contain XRP, Symbol =  DENTBTC
FirstId is not above 0, Symbol = DENTBTC
Count is not above 0, Symbol = DENTBTC
Symbol does not contain XRP, Symbol =  DENTETH
Symbol does not contain XRP, Symbol =  ARDRBTC
Symbol does not contain XRP, Symbol =  ARDRETH
FirstId is not above 0, Symbol = ARDRETH
Count is not above 0, Symbol = ARDRETH
Symbol does not contain XRP, Symbol =  ARDRBNB
FirstId is not above 0, Symbol = ARDRBNB
Count is not above 0, Symbol = ARDRBNB
Symbol does not contain XRP, Symbol =  NULSUSDT
Symbol does not contain XRP, Symbol =  HOTBTC
FirstId is not above 0, Symbol = HOTBTC
Count is not above 0, Symbol = HOTBTC
Symbol does not contain XRP, Symbol =  HOTETH
Symbol does not contain XRP, Symbol =  VETBTC
Symbol does not contain XRP, Symbol =  VETETH
Symbol does not contain XRP, Symbol =  VETUSDT
Symbol does not contain XRP, Symbol =  VETBNB
Symbol does not contain XRP, Symbol =  DOCKBTC
FirstId is not above 0, Symbol = DOCKBTC
Count is not above 0, Symbol = DOCKBTC
Symbol does not contain XRP, Symbol =  DOCKETH
FirstId is not above 0, Symbol = DOCKETH
Count is not above 0, Symbol = DOCKETH
Symbol does not contain XRP, Symbol =  POLYBTC
FirstId is not above 0, Symbol = POLYBTC
Count is not above 0, Symbol = POLYBTC
Symbol does not contain XRP, Symbol =  POLYBNB
FirstId is not above 0, Symbol = POLYBNB
Count is not above 0, Symbol = POLYBNB
Symbol does not contain XRP, Symbol =  PHXBTC
FirstId is not above 0, Symbol = PHXBTC
Count is not above 0, Symbol = PHXBTC
Symbol does not contain XRP, Symbol =  PHXETH
FirstId is not above 0, Symbol = PHXETH
Count is not above 0, Symbol = PHXETH
Symbol does not contain XRP, Symbol =  PHXBNB
FirstId is not above 0, Symbol = PHXBNB
Count is not above 0, Symbol = PHXBNB
Symbol does not contain XRP, Symbol =  HCBTC
FirstId is not above 0, Symbol = HCBTC
Count is not above 0, Symbol = HCBTC
Symbol does not contain XRP, Symbol =  HCETH
FirstId is not above 0, Symbol = HCETH
Count is not above 0, Symbol = HCETH
Symbol does not contain XRP, Symbol =  GOBTC
FirstId is not above 0, Symbol = GOBTC
Count is not above 0, Symbol = GOBTC
Symbol does not contain XRP, Symbol =  GOBNB
FirstId is not above 0, Symbol = GOBNB
Count is not above 0, Symbol = GOBNB
Symbol does not contain XRP, Symbol =  PAXBTC
FirstId is not above 0, Symbol = PAXBTC
Count is not above 0, Symbol = PAXBTC
Symbol does not contain XRP, Symbol =  PAXBNB
FirstId is not above 0, Symbol = PAXBNB
Count is not above 0, Symbol = PAXBNB
Symbol does not contain XRP, Symbol =  PAXUSDT
FirstId is not above 0, Symbol = PAXUSDT
Count is not above 0, Symbol = PAXUSDT
Symbol does not contain XRP, Symbol =  PAXETH
FirstId is not above 0, Symbol = PAXETH
Count is not above 0, Symbol = PAXETH
Symbol does not contain XRP, Symbol =  RVNBTC
Symbol does not contain XRP, Symbol =  DCRBTC
Symbol does not contain XRP, Symbol =  DCRBNB
FirstId is not above 0, Symbol = DCRBNB
Count is not above 0, Symbol = DCRBNB
Symbol does not contain XRP, Symbol =  USDCBNB
FirstId is not above 0, Symbol = USDCBNB
Count is not above 0, Symbol = USDCBNB
Symbol does not contain XRP, Symbol =  MITHBTC
FirstId is not above 0, Symbol = MITHBTC
Count is not above 0, Symbol = MITHBTC
Symbol does not contain XRP, Symbol =  MITHBNB
FirstId is not above 0, Symbol = MITHBNB
Count is not above 0, Symbol = MITHBNB
Symbol does not contain XRP, Symbol =  BCHABCBTC
FirstId is not above 0, Symbol = BCHABCBTC
Count is not above 0, Symbol = BCHABCBTC
Symbol does not contain XRP, Symbol =  BCHSVBTC
FirstId is not above 0, Symbol = BCHSVBTC
Count is not above 0, Symbol = BCHSVBTC
Symbol does not contain XRP, Symbol =  BCHABCUSDT
FirstId is not above 0, Symbol = BCHABCUSDT
Count is not above 0, Symbol = BCHABCUSDT
Symbol does not contain XRP, Symbol =  BCHSVUSDT
FirstId is not above 0, Symbol = BCHSVUSDT
Count is not above 0, Symbol = BCHSVUSDT
Symbol does not contain XRP, Symbol =  BNBPAX
FirstId is not above 0, Symbol = BNBPAX
Count is not above 0, Symbol = BNBPAX
Symbol does not contain XRP, Symbol =  BTCPAX
FirstId is not above 0, Symbol = BTCPAX
Count is not above 0, Symbol = BTCPAX
Symbol does not contain XRP, Symbol =  ETHPAX
FirstId is not above 0, Symbol = ETHPAX
Count is not above 0, Symbol = ETHPAX
FirstId is not above 0, Symbol = XRPPAX
Count is not above 0, Symbol = XRPPAX
Symbol does not contain XRP, Symbol =  EOSPAX
FirstId is not above 0, Symbol = EOSPAX
Count is not above 0, Symbol = EOSPAX
Symbol does not contain XRP, Symbol =  XLMPAX
FirstId is not above 0, Symbol = XLMPAX
Count is not above 0, Symbol = XLMPAX
Symbol does not contain XRP, Symbol =  RENBTC
Symbol does not contain XRP, Symbol =  RENBNB
FirstId is not above 0, Symbol = RENBNB
Count is not above 0, Symbol = RENBNB
Symbol does not contain XRP, Symbol =  BNBTUSD
Conditions met: XRPTUSD
Symbol does not contain XRP, Symbol =  EOSTUSD
FirstId is not above 0, Symbol = EOSTUSD
Count is not above 0, Symbol = EOSTUSD
Symbol does not contain XRP, Symbol =  XLMTUSD
FirstId is not above 0, Symbol = XLMTUSD
Count is not above 0, Symbol = XLMTUSD
Symbol does not contain XRP, Symbol =  BNBUSDC
Symbol does not contain XRP, Symbol =  BTCUSDC
Symbol does not contain XRP, Symbol =  ETHUSDC
Conditions met: XRPUSDC
Symbol does not contain XRP, Symbol =  EOSUSDC
Symbol does not contain XRP, Symbol =  XLMUSDC
FirstId is not above 0, Symbol = XLMUSDC
Count is not above 0, Symbol = XLMUSDC
Symbol does not contain XRP, Symbol =  USDCUSDT
Symbol does not contain XRP, Symbol =  ADATUSD
FirstId is not above 0, Symbol = ADATUSD
Count is not above 0, Symbol = ADATUSD
Symbol does not contain XRP, Symbol =  TRXTUSD
FirstId is not above 0, Symbol = TRXTUSD
Count is not above 0, Symbol = TRXTUSD
Symbol does not contain XRP, Symbol =  NEOTUSD
FirstId is not above 0, Symbol = NEOTUSD
Count is not above 0, Symbol = NEOTUSD
Conditions met: TRXXRP
FirstId is not above 0, Symbol = XZCXRP
Count is not above 0, Symbol = XZCXRP
Symbol does not contain XRP, Symbol =  PAXTUSD
FirstId is not above 0, Symbol = PAXTUSD
Count is not above 0, Symbol = PAXTUSD
Symbol does not contain XRP, Symbol =  USDCTUSD
FirstId is not above 0, Symbol = USDCTUSD
Count is not above 0, Symbol = USDCTUSD
Symbol does not contain XRP, Symbol =  USDCPAX
FirstId is not above 0, Symbol = USDCPAX
Count is not above 0, Symbol = USDCPAX
Symbol does not contain XRP, Symbol =  LINKUSDT
Symbol does not contain XRP, Symbol =  LINKTUSD
FirstId is not above 0, Symbol = LINKTUSD
Count is not above 0, Symbol = LINKTUSD
Symbol does not contain XRP, Symbol =  LINKPAX
FirstId is not above 0, Symbol = LINKPAX
Count is not above 0, Symbol = LINKPAX
Symbol does not contain XRP, Symbol =  LINKUSDC
Symbol does not contain XRP, Symbol =  WAVESUSDT
FirstId is not above 0, Symbol = WAVESUSDT
Count is not above 0, Symbol = WAVESUSDT
Symbol does not contain XRP, Symbol =  WAVESTUSD
FirstId is not above 0, Symbol = WAVESTUSD
Count is not above 0, Symbol = WAVESTUSD
Symbol does not contain XRP, Symbol =  WAVESPAX
FirstId is not above 0, Symbol = WAVESPAX
Count is not above 0, Symbol = WAVESPAX
Symbol does not contain XRP, Symbol =  WAVESUSDC
FirstId is not above 0, Symbol = WAVESUSDC
Count is not above 0, Symbol = WAVESUSDC
Symbol does not contain XRP, Symbol =  BCHABCTUSD
FirstId is not above 0, Symbol = BCHABCTUSD
Count is not above 0, Symbol = BCHABCTUSD
Symbol does not contain XRP, Symbol =  BCHABCPAX
FirstId is not above 0, Symbol = BCHABCPAX
Count is not above 0, Symbol = BCHABCPAX
Symbol does not contain XRP, Symbol =  BCHABCUSDC
FirstId is not above 0, Symbol = BCHABCUSDC
Count is not above 0, Symbol = BCHABCUSDC
Symbol does not contain XRP, Symbol =  BCHSVTUSD
FirstId is not above 0, Symbol = BCHSVTUSD
Count is not above 0, Symbol = BCHSVTUSD
Symbol does not contain XRP, Symbol =  BCHSVPAX
FirstId is not above 0, Symbol = BCHSVPAX
Count is not above 0, Symbol = BCHSVPAX
Symbol does not contain XRP, Symbol =  BCHSVUSDC
FirstId is not above 0, Symbol = BCHSVUSDC
Count is not above 0, Symbol = BCHSVUSDC
Symbol does not contain XRP, Symbol =  LTCTUSD
FirstId is not above 0, Symbol = LTCTUSD
Count is not above 0, Symbol = LTCTUSD
Symbol does not contain XRP, Symbol =  LTCPAX
FirstId is not above 0, Symbol = LTCPAX
Count is not above 0, Symbol = LTCPAX
Symbol does not contain XRP, Symbol =  LTCUSDC
Symbol does not contain XRP, Symbol =  TRXPAX
FirstId is not above 0, Symbol = TRXPAX
Count is not above 0, Symbol = TRXPAX
Symbol does not contain XRP, Symbol =  TRXUSDC
Symbol does not contain XRP, Symbol =  BTTBTC
FirstId is not above 0, Symbol = BTTBTC
Count is not above 0, Symbol = BTTBTC
Symbol does not contain XRP, Symbol =  BTTBNB
FirstId is not above 0, Symbol = BTTBNB
Count is not above 0, Symbol = BTTBNB
Symbol does not contain XRP, Symbol =  BTTUSDT
FirstId is not above 0, Symbol = BTTUSDT
Count is not above 0, Symbol = BTTUSDT
Symbol does not contain XRP, Symbol =  BNBUSDS
FirstId is not above 0, Symbol = BNBUSDS
Count is not above 0, Symbol = BNBUSDS
Symbol does not contain XRP, Symbol =  BTCUSDS
FirstId is not above 0, Symbol = BTCUSDS
Count is not above 0, Symbol = BTCUSDS
Symbol does not contain XRP, Symbol =  USDSUSDT
FirstId is not above 0, Symbol = USDSUSDT
Count is not above 0, Symbol = USDSUSDT
Symbol does not contain XRP, Symbol =  USDSPAX
FirstId is not above 0, Symbol = USDSPAX
Count is not above 0, Symbol = USDSPAX
Symbol does not contain XRP, Symbol =  USDSTUSD
FirstId is not above 0, Symbol = USDSTUSD
Count is not above 0, Symbol = USDSTUSD
Symbol does not contain XRP, Symbol =  USDSUSDC
FirstId is not above 0, Symbol = USDSUSDC
Count is not above 0, Symbol = USDSUSDC
Symbol does not contain XRP, Symbol =  BTTPAX
FirstId is not above 0, Symbol = BTTPAX
Count is not above 0, Symbol = BTTPAX
Symbol does not contain XRP, Symbol =  BTTTUSD
FirstId is not above 0, Symbol = BTTTUSD
Count is not above 0, Symbol = BTTTUSD
Symbol does not contain XRP, Symbol =  BTTUSDC
FirstId is not above 0, Symbol = BTTUSDC
Count is not above 0, Symbol = BTTUSDC
Symbol does not contain XRP, Symbol =  ONGBNB
FirstId is not above 0, Symbol = ONGBNB
Count is not above 0, Symbol = ONGBNB
Symbol does not contain XRP, Symbol =  ONGBTC
Symbol does not contain XRP, Symbol =  ONGUSDT
Symbol does not contain XRP, Symbol =  HOTBNB
FirstId is not above 0, Symbol = HOTBNB
Count is not above 0, Symbol = HOTBNB
Symbol does not contain XRP, Symbol =  HOTUSDT
Symbol does not contain XRP, Symbol =  ZILUSDT
Symbol does not contain XRP, Symbol =  ZRXBNB
FirstId is not above 0, Symbol = ZRXBNB
Count is not above 0, Symbol = ZRXBNB
Symbol does not contain XRP, Symbol =  ZRXUSDT
Symbol does not contain XRP, Symbol =  FETBNB
Symbol does not contain XRP, Symbol =  FETBTC
Symbol does not contain XRP, Symbol =  FETUSDT
Symbol does not contain XRP, Symbol =  BATUSDT
Symbol does not contain XRP, Symbol =  XMRBNB
FirstId is not above 0, Symbol = XMRBNB
Count is not above 0, Symbol = XMRBNB
Symbol does not contain XRP, Symbol =  XMRUSDT
FirstId is not above 0, Symbol = XMRUSDT
Count is not above 0, Symbol = XMRUSDT
Symbol does not contain XRP, Symbol =  ZECBNB
FirstId is not above 0, Symbol = ZECBNB
Count is not above 0, Symbol = ZECBNB
Symbol does not contain XRP, Symbol =  ZECUSDT
Symbol does not contain XRP, Symbol =  ZECPAX
FirstId is not above 0, Symbol = ZECPAX
Count is not above 0, Symbol = ZECPAX
Symbol does not contain XRP, Symbol =  ZECTUSD
FirstId is not above 0, Symbol = ZECTUSD
Count is not above 0, Symbol = ZECTUSD
Symbol does not contain XRP, Symbol =  ZECUSDC
FirstId is not above 0, Symbol = ZECUSDC
Count is not above 0, Symbol = ZECUSDC
Symbol does not contain XRP, Symbol =  IOSTUSDT
Symbol does not contain XRP, Symbol =  CELRBNB
FirstId is not above 0, Symbol = CELRBNB
Count is not above 0, Symbol = CELRBNB
Symbol does not contain XRP, Symbol =  CELRBTC
Symbol does not contain XRP, Symbol =  CELRUSDT
Symbol does not contain XRP, Symbol =  ADAPAX
FirstId is not above 0, Symbol = ADAPAX
Count is not above 0, Symbol = ADAPAX
Symbol does not contain XRP, Symbol =  ADAUSDC
Symbol does not contain XRP, Symbol =  NEOPAX
FirstId is not above 0, Symbol = NEOPAX
Count is not above 0, Symbol = NEOPAX
Symbol does not contain XRP, Symbol =  NEOUSDC
Symbol does not contain XRP, Symbol =  DASHBNB
FirstId is not above 0, Symbol = DASHBNB
Count is not above 0, Symbol = DASHBNB
Symbol does not contain XRP, Symbol =  DASHUSDT
Symbol does not contain XRP, Symbol =  NANOUSDT
FirstId is not above 0, Symbol = NANOUSDT
Count is not above 0, Symbol = NANOUSDT
Symbol does not contain XRP, Symbol =  OMGBNB
FirstId is not above 0, Symbol = OMGBNB
Count is not above 0, Symbol = OMGBNB
Symbol does not contain XRP, Symbol =  OMGUSDT
FirstId is not above 0, Symbol = OMGUSDT
Count is not above 0, Symbol = OMGUSDT
Symbol does not contain XRP, Symbol =  THETAUSDT
Symbol does not contain XRP, Symbol =  ENJUSDT
Symbol does not contain XRP, Symbol =  MITHUSDT
FirstId is not above 0, Symbol = MITHUSDT
Count is not above 0, Symbol = MITHUSDT
Symbol does not contain XRP, Symbol =  MATICBNB
Symbol does not contain XRP, Symbol =  MATICBTC
Symbol does not contain XRP, Symbol =  MATICUSDT
Symbol does not contain XRP, Symbol =  ATOMBNB
Symbol does not contain XRP, Symbol =  ATOMBTC
Symbol does not contain XRP, Symbol =  ATOMUSDT
Symbol does not contain XRP, Symbol =  ATOMUSDC
Symbol does not contain XRP, Symbol =  ATOMPAX
FirstId is not above 0, Symbol = ATOMPAX
Count is not above 0, Symbol = ATOMPAX
Symbol does not contain XRP, Symbol =  ATOMTUSD
FirstId is not above 0, Symbol = ATOMTUSD
Count is not above 0, Symbol = ATOMTUSD
Symbol does not contain XRP, Symbol =  ETCUSDC
FirstId is not above 0, Symbol = ETCUSDC
Count is not above 0, Symbol = ETCUSDC
Symbol does not contain XRP, Symbol =  ETCPAX
FirstId is not above 0, Symbol = ETCPAX
Count is not above 0, Symbol = ETCPAX
Symbol does not contain XRP, Symbol =  ETCTUSD
FirstId is not above 0, Symbol = ETCTUSD
Count is not above 0, Symbol = ETCTUSD
Symbol does not contain XRP, Symbol =  BATUSDC
FirstId is not above 0, Symbol = BATUSDC
Count is not above 0, Symbol = BATUSDC
Symbol does not contain XRP, Symbol =  BATPAX
FirstId is not above 0, Symbol = BATPAX
Count is not above 0, Symbol = BATPAX
Symbol does not contain XRP, Symbol =  BATTUSD
FirstId is not above 0, Symbol = BATTUSD
Count is not above 0, Symbol = BATTUSD
Symbol does not contain XRP, Symbol =  PHBBNB
FirstId is not above 0, Symbol = PHBBNB
Count is not above 0, Symbol = PHBBNB
Symbol does not contain XRP, Symbol =  PHBBTC
Symbol does not contain XRP, Symbol =  PHBUSDC
FirstId is not above 0, Symbol = PHBUSDC
Count is not above 0, Symbol = PHBUSDC
Symbol does not contain XRP, Symbol =  PHBTUSD
FirstId is not above 0, Symbol = PHBTUSD
Count is not above 0, Symbol = PHBTUSD
Symbol does not contain XRP, Symbol =  PHBPAX
FirstId is not above 0, Symbol = PHBPAX
Count is not above 0, Symbol = PHBPAX
Symbol does not contain XRP, Symbol =  TFUELBNB
FirstId is not above 0, Symbol = TFUELBNB
Count is not above 0, Symbol = TFUELBNB
Symbol does not contain XRP, Symbol =  TFUELBTC
Symbol does not contain XRP, Symbol =  TFUELUSDT
Symbol does not contain XRP, Symbol =  TFUELUSDC
FirstId is not above 0, Symbol = TFUELUSDC
Count is not above 0, Symbol = TFUELUSDC
Symbol does not contain XRP, Symbol =  TFUELTUSD
FirstId is not above 0, Symbol = TFUELTUSD
Count is not above 0, Symbol = TFUELTUSD
Symbol does not contain XRP, Symbol =  TFUELPAX
FirstId is not above 0, Symbol = TFUELPAX
Count is not above 0, Symbol = TFUELPAX
Symbol does not contain XRP, Symbol =  ONEBNB
FirstId is not above 0, Symbol = ONEBNB
Count is not above 0, Symbol = ONEBNB
Symbol does not contain XRP, Symbol =  ONEBTC
Symbol does not contain XRP, Symbol =  ONEUSDT
Symbol does not contain XRP, Symbol =  ONETUSD
FirstId is not above 0, Symbol = ONETUSD
Count is not above 0, Symbol = ONETUSD
Symbol does not contain XRP, Symbol =  ONEPAX
FirstId is not above 0, Symbol = ONEPAX
Count is not above 0, Symbol = ONEPAX
Symbol does not contain XRP, Symbol =  ONEUSDC
FirstId is not above 0, Symbol = ONEUSDC
Count is not above 0, Symbol = ONEUSDC
Symbol does not contain XRP, Symbol =  FTMBNB
Symbol does not contain XRP, Symbol =  FTMBTC
Symbol does not contain XRP, Symbol =  FTMUSDT
Symbol does not contain XRP, Symbol =  FTMTUSD
FirstId is not above 0, Symbol = FTMTUSD
Count is not above 0, Symbol = FTMTUSD
Symbol does not contain XRP, Symbol =  FTMPAX
FirstId is not above 0, Symbol = FTMPAX
Count is not above 0, Symbol = FTMPAX
Symbol does not contain XRP, Symbol =  FTMUSDC
Symbol does not contain XRP, Symbol =  BTCBBTC
FirstId is not above 0, Symbol = BTCBBTC
Count is not above 0, Symbol = BTCBBTC
Symbol does not contain XRP, Symbol =  BCPTTUSD
FirstId is not above 0, Symbol = BCPTTUSD
Count is not above 0, Symbol = BCPTTUSD
Symbol does not contain XRP, Symbol =  BCPTPAX
FirstId is not above 0, Symbol = BCPTPAX
Count is not above 0, Symbol = BCPTPAX
Symbol does not contain XRP, Symbol =  BCPTUSDC
FirstId is not above 0, Symbol = BCPTUSDC
Count is not above 0, Symbol = BCPTUSDC
Symbol does not contain XRP, Symbol =  ALGOBNB
FirstId is not above 0, Symbol = ALGOBNB
Count is not above 0, Symbol = ALGOBNB
Symbol does not contain XRP, Symbol =  ALGOBTC
Symbol does not contain XRP, Symbol =  ALGOUSDT
Symbol does not contain XRP, Symbol =  ALGOTUSD
FirstId is not above 0, Symbol = ALGOTUSD
Count is not above 0, Symbol = ALGOTUSD
Symbol does not contain XRP, Symbol =  ALGOPAX
FirstId is not above 0, Symbol = ALGOPAX
Count is not above 0, Symbol = ALGOPAX
Symbol does not contain XRP, Symbol =  ALGOUSDC
Symbol does not contain XRP, Symbol =  USDSBUSDT
FirstId is not above 0, Symbol = USDSBUSDT
Count is not above 0, Symbol = USDSBUSDT
Symbol does not contain XRP, Symbol =  USDSBUSDS
FirstId is not above 0, Symbol = USDSBUSDS
Count is not above 0, Symbol = USDSBUSDS
Symbol does not contain XRP, Symbol =  GTOUSDT
FirstId is not above 0, Symbol = GTOUSDT
Count is not above 0, Symbol = GTOUSDT
Symbol does not contain XRP, Symbol =  GTOPAX
FirstId is not above 0, Symbol = GTOPAX
Count is not above 0, Symbol = GTOPAX
Symbol does not contain XRP, Symbol =  GTOTUSD
FirstId is not above 0, Symbol = GTOTUSD
Count is not above 0, Symbol = GTOTUSD
Symbol does not contain XRP, Symbol =  GTOUSDC
FirstId is not above 0, Symbol = GTOUSDC
Count is not above 0, Symbol = GTOUSDC
Symbol does not contain XRP, Symbol =  ERDBNB
FirstId is not above 0, Symbol = ERDBNB
Count is not above 0, Symbol = ERDBNB
Symbol does not contain XRP, Symbol =  ERDBTC
FirstId is not above 0, Symbol = ERDBTC
Count is not above 0, Symbol = ERDBTC
Symbol does not contain XRP, Symbol =  ERDUSDT
FirstId is not above 0, Symbol = ERDUSDT
Count is not above 0, Symbol = ERDUSDT
Symbol does not contain XRP, Symbol =  ERDPAX
FirstId is not above 0, Symbol = ERDPAX
Count is not above 0, Symbol = ERDPAX
Symbol does not contain XRP, Symbol =  ERDUSDC
FirstId is not above 0, Symbol = ERDUSDC
Count is not above 0, Symbol = ERDUSDC
Symbol does not contain XRP, Symbol =  DOGEBNB
FirstId is not above 0, Symbol = DOGEBNB
Count is not above 0, Symbol = DOGEBNB
Symbol does not contain XRP, Symbol =  DOGEBTC
Symbol does not contain XRP, Symbol =  DOGEUSDT
Symbol does not contain XRP, Symbol =  DOGEPAX
FirstId is not above 0, Symbol = DOGEPAX
Count is not above 0, Symbol = DOGEPAX
Symbol does not contain XRP, Symbol =  DOGEUSDC
Symbol does not contain XRP, Symbol =  DUSKBNB
FirstId is not above 0, Symbol = DUSKBNB
Count is not above 0, Symbol = DUSKBNB
Symbol does not contain XRP, Symbol =  DUSKBTC
Symbol does not contain XRP, Symbol =  DUSKUSDT
Symbol does not contain XRP, Symbol =  DUSKUSDC
FirstId is not above 0, Symbol = DUSKUSDC
Count is not above 0, Symbol = DUSKUSDC
Symbol does not contain XRP, Symbol =  DUSKPAX
FirstId is not above 0, Symbol = DUSKPAX
Count is not above 0, Symbol = DUSKPAX
Symbol does not contain XRP, Symbol =  BGBPUSDC
FirstId is not above 0, Symbol = BGBPUSDC
Count is not above 0, Symbol = BGBPUSDC
Symbol does not contain XRP, Symbol =  ANKRBNB
FirstId is not above 0, Symbol = ANKRBNB
Count is not above 0, Symbol = ANKRBNB
Symbol does not contain XRP, Symbol =  ANKRBTC
Symbol does not contain XRP, Symbol =  ANKRUSDT
Symbol does not contain XRP, Symbol =  ANKRTUSD
FirstId is not above 0, Symbol = ANKRTUSD
Count is not above 0, Symbol = ANKRTUSD
Symbol does not contain XRP, Symbol =  ANKRPAX
FirstId is not above 0, Symbol = ANKRPAX
Count is not above 0, Symbol = ANKRPAX
Symbol does not contain XRP, Symbol =  ANKRUSDC
FirstId is not above 0, Symbol = ANKRUSDC
Count is not above 0, Symbol = ANKRUSDC
Symbol does not contain XRP, Symbol =  ONTPAX
FirstId is not above 0, Symbol = ONTPAX
Count is not above 0, Symbol = ONTPAX
Symbol does not contain XRP, Symbol =  ONTUSDC
Symbol does not contain XRP, Symbol =  WINBNB
Symbol does not contain XRP, Symbol =  WINBTC
FirstId is not above 0, Symbol = WINBTC
Count is not above 0, Symbol = WINBTC
Symbol does not contain XRP, Symbol =  WINUSDT
Symbol does not contain XRP, Symbol =  WINUSDC
FirstId is not above 0, Symbol = WINUSDC
Count is not above 0, Symbol = WINUSDC
Symbol does not contain XRP, Symbol =  COSBNB
FirstId is not above 0, Symbol = COSBNB
Count is not above 0, Symbol = COSBNB
Symbol does not contain XRP, Symbol =  COSBTC
Symbol does not contain XRP, Symbol =  COSUSDT
Symbol does not contain XRP, Symbol =  TUSDBTUSD
FirstId is not above 0, Symbol = TUSDBTUSD
Count is not above 0, Symbol = TUSDBTUSD
Symbol does not contain XRP, Symbol =  NPXSUSDT
FirstId is not above 0, Symbol = NPXSUSDT
Count is not above 0, Symbol = NPXSUSDT
Symbol does not contain XRP, Symbol =  NPXSUSDC
FirstId is not above 0, Symbol = NPXSUSDC
Count is not above 0, Symbol = NPXSUSDC
Symbol does not contain XRP, Symbol =  COCOSBNB
FirstId is not above 0, Symbol = COCOSBNB
Count is not above 0, Symbol = COCOSBNB
Symbol does not contain XRP, Symbol =  COCOSBTC
FirstId is not above 0, Symbol = COCOSBTC
Count is not above 0, Symbol = COCOSBTC
Symbol does not contain XRP, Symbol =  COCOSUSDT
FirstId is not above 0, Symbol = COCOSUSDT
Count is not above 0, Symbol = COCOSUSDT
Symbol does not contain XRP, Symbol =  MTLUSDT
Symbol does not contain XRP, Symbol =  TOMOBNB
FirstId is not above 0, Symbol = TOMOBNB
Count is not above 0, Symbol = TOMOBNB
Symbol does not contain XRP, Symbol =  TOMOBTC
FirstId is not above 0, Symbol = TOMOBTC
Count is not above 0, Symbol = TOMOBTC
Symbol does not contain XRP, Symbol =  TOMOUSDT
FirstId is not above 0, Symbol = TOMOUSDT
Count is not above 0, Symbol = TOMOUSDT
Symbol does not contain XRP, Symbol =  TOMOUSDC
FirstId is not above 0, Symbol = TOMOUSDC
Count is not above 0, Symbol = TOMOUSDC
Symbol does not contain XRP, Symbol =  PERLBNB
FirstId is not above 0, Symbol = PERLBNB
Count is not above 0, Symbol = PERLBNB
Symbol does not contain XRP, Symbol =  PERLBTC
FirstId is not above 0, Symbol = PERLBTC
Count is not above 0, Symbol = PERLBTC
Symbol does not contain XRP, Symbol =  PERLUSDC
FirstId is not above 0, Symbol = PERLUSDC
Count is not above 0, Symbol = PERLUSDC
Symbol does not contain XRP, Symbol =  PERLUSDT
FirstId is not above 0, Symbol = PERLUSDT
Count is not above 0, Symbol = PERLUSDT
Symbol does not contain XRP, Symbol =  DENTUSDT
Symbol does not contain XRP, Symbol =  MFTUSDT
FirstId is not above 0, Symbol = MFTUSDT
Count is not above 0, Symbol = MFTUSDT
Symbol does not contain XRP, Symbol =  KEYUSDT
Symbol does not contain XRP, Symbol =  STORMUSDT
FirstId is not above 0, Symbol = STORMUSDT
Count is not above 0, Symbol = STORMUSDT
Symbol does not contain XRP, Symbol =  DOCKUSDT
FirstId is not above 0, Symbol = DOCKUSDT
Count is not above 0, Symbol = DOCKUSDT
Symbol does not contain XRP, Symbol =  WANUSDT
Symbol does not contain XRP, Symbol =  FUNUSDT
Symbol does not contain XRP, Symbol =  CVCUSDT
Symbol does not contain XRP, Symbol =  BTTTRX
FirstId is not above 0, Symbol = BTTTRX
Count is not above 0, Symbol = BTTTRX
Symbol does not contain XRP, Symbol =  WINTRX
Symbol does not contain XRP, Symbol =  CHZBNB
Symbol does not contain XRP, Symbol =  CHZBTC
Symbol does not contain XRP, Symbol =  CHZUSDT
Symbol does not contain XRP, Symbol =  BANDBNB
FirstId is not above 0, Symbol = BANDBNB
Count is not above 0, Symbol = BANDBNB
Symbol does not contain XRP, Symbol =  BANDBTC
Symbol does not contain XRP, Symbol =  BANDUSDT
Symbol does not contain XRP, Symbol =  BNBBUSD
FirstId is not above 0, Symbol = BNBBUSD
Count is not above 0, Symbol = BNBBUSD
Symbol does not contain XRP, Symbol =  BTCBUSD
FirstId is not above 0, Symbol = BTCBUSD
Count is not above 0, Symbol = BTCBUSD
Symbol does not contain XRP, Symbol =  BUSDUSDT
FirstId is not above 0, Symbol = BUSDUSDT
Count is not above 0, Symbol = BUSDUSDT
Symbol does not contain XRP, Symbol =  BEAMBNB
FirstId is not above 0, Symbol = BEAMBNB
Count is not above 0, Symbol = BEAMBNB
Symbol does not contain XRP, Symbol =  BEAMBTC
FirstId is not above 0, Symbol = BEAMBTC
Count is not above 0, Symbol = BEAMBTC
Symbol does not contain XRP, Symbol =  BEAMUSDT
FirstId is not above 0, Symbol = BEAMUSDT
Count is not above 0, Symbol = BEAMUSDT
Symbol does not contain XRP, Symbol =  XTZBNB
FirstId is not above 0, Symbol = XTZBNB
Count is not above 0, Symbol = XTZBNB
Symbol does not contain XRP, Symbol =  XTZBTC
Symbol does not contain XRP, Symbol =  XTZUSDT
Symbol does not contain XRP, Symbol =  RENUSDT
Symbol does not contain XRP, Symbol =  RVNUSDT
Symbol does not contain XRP, Symbol =  HCUSDT
FirstId is not above 0, Symbol = HCUSDT
Count is not above 0, Symbol = HCUSDT
Symbol does not contain XRP, Symbol =  HBARBNB
Symbol does not contain XRP, Symbol =  HBARBTC
Symbol does not contain XRP, Symbol =  HBARUSDT
Symbol does not contain XRP, Symbol =  NKNBNB
FirstId is not above 0, Symbol = NKNBNB
Count is not above 0, Symbol = NKNBNB
Symbol does not contain XRP, Symbol =  NKNBTC
Symbol does not contain XRP, Symbol =  NKNUSDT
FirstId is not above 0, Symbol = XRPBUSD
Count is not above 0, Symbol = XRPBUSD
Symbol does not contain XRP, Symbol =  ETHBUSD
FirstId is not above 0, Symbol = ETHBUSD
Count is not above 0, Symbol = ETHBUSD
Symbol does not contain XRP, Symbol =  BCHABCBUSD
FirstId is not above 0, Symbol = BCHABCBUSD
Count is not above 0, Symbol = BCHABCBUSD
Symbol does not contain XRP, Symbol =  LTCBUSD
FirstId is not above 0, Symbol = LTCBUSD
Count is not above 0, Symbol = LTCBUSD
Symbol does not contain XRP, Symbol =  LINKBUSD
FirstId is not above 0, Symbol = LINKBUSD
Count is not above 0, Symbol = LINKBUSD
Symbol does not contain XRP, Symbol =  ETCBUSD
FirstId is not above 0, Symbol = ETCBUSD
Count is not above 0, Symbol = ETCBUSD
Symbol does not contain XRP, Symbol =  STXBNB
Symbol does not contain XRP, Symbol =  STXBTC
Symbol does not contain XRP, Symbol =  STXUSDT
Symbol does not contain XRP, Symbol =  KAVABNB
FirstId is not above 0, Symbol = KAVABNB
Count is not above 0, Symbol = KAVABNB
Symbol does not contain XRP, Symbol =  KAVABTC
Symbol does not contain XRP, Symbol =  KAVAUSDT
Symbol does not contain XRP, Symbol =  BUSDNGN
FirstId is not above 0, Symbol = BUSDNGN
Count is not above 0, Symbol = BUSDNGN
Symbol does not contain XRP, Symbol =  BNBNGN
FirstId is not above 0, Symbol = BNBNGN
Count is not above 0, Symbol = BNBNGN
Symbol does not contain XRP, Symbol =  BTCNGN
FirstId is not above 0, Symbol = BTCNGN
Count is not above 0, Symbol = BTCNGN
Symbol does not contain XRP, Symbol =  ARPABNB
FirstId is not above 0, Symbol = ARPABNB
Count is not above 0, Symbol = ARPABNB
Symbol does not contain XRP, Symbol =  ARPABTC
Symbol does not contain XRP, Symbol =  ARPAUSDT
Symbol does not contain XRP, Symbol =  TRXBUSD
FirstId is not above 0, Symbol = TRXBUSD
Count is not above 0, Symbol = TRXBUSD
Symbol does not contain XRP, Symbol =  EOSBUSD
FirstId is not above 0, Symbol = EOSBUSD
Count is not above 0, Symbol = EOSBUSD
Symbol does not contain XRP, Symbol =  IOTXUSDT
Symbol does not contain XRP, Symbol =  RLCUSDT
Symbol does not contain XRP, Symbol =  MCOUSDT
FirstId is not above 0, Symbol = MCOUSDT
Count is not above 0, Symbol = MCOUSDT
Symbol does not contain XRP, Symbol =  XLMBUSD
FirstId is not above 0, Symbol = XLMBUSD
Count is not above 0, Symbol = XLMBUSD
Symbol does not contain XRP, Symbol =  ADABUSD
FirstId is not above 0, Symbol = ADABUSD
Count is not above 0, Symbol = ADABUSD
Symbol does not contain XRP, Symbol =  CTXCBNB
FirstId is not above 0, Symbol = CTXCBNB
Count is not above 0, Symbol = CTXCBNB
Symbol does not contain XRP, Symbol =  CTXCBTC
Symbol does not contain XRP, Symbol =  CTXCUSDT
Symbol does not contain XRP, Symbol =  BCHBNB
Symbol does not contain XRP, Symbol =  BCHBTC
Symbol does not contain XRP, Symbol =  BCHUSDT
Symbol does not contain XRP, Symbol =  BCHUSDC
Symbol does not contain XRP, Symbol =  BCHTUSD
Symbol does not contain XRP, Symbol =  BCHPAX
FirstId is not above 0, Symbol = BCHPAX
Count is not above 0, Symbol = BCHPAX
Symbol does not contain XRP, Symbol =  BCHBUSD
FirstId is not above 0, Symbol = BCHBUSD
Count is not above 0, Symbol = BCHBUSD
Symbol does not contain XRP, Symbol =  BTCRUB
FirstId is not above 0, Symbol = BTCRUB
Count is not above 0, Symbol = BTCRUB
Symbol does not contain XRP, Symbol =  ETHRUB
FirstId is not above 0, Symbol = ETHRUB
Count is not above 0, Symbol = ETHRUB
FirstId is not above 0, Symbol = XRPRUB
Count is not above 0, Symbol = XRPRUB
Symbol does not contain XRP, Symbol =  BNBRUB
FirstId is not above 0, Symbol = BNBRUB
Count is not above 0, Symbol = BNBRUB
Symbol does not contain XRP, Symbol =  TROYBNB
FirstId is not above 0, Symbol = TROYBNB
Count is not above 0, Symbol = TROYBNB
Symbol does not contain XRP, Symbol =  TROYBTC
FirstId is not above 0, Symbol = TROYBTC
Count is not above 0, Symbol = TROYBTC
Symbol does not contain XRP, Symbol =  TROYUSDT
Symbol does not contain XRP, Symbol =  BUSDRUB
FirstId is not above 0, Symbol = BUSDRUB
Count is not above 0, Symbol = BUSDRUB
Symbol does not contain XRP, Symbol =  QTUMBUSD
FirstId is not above 0, Symbol = QTUMBUSD
Count is not above 0, Symbol = QTUMBUSD
Symbol does not contain XRP, Symbol =  VETBUSD
FirstId is not above 0, Symbol = VETBUSD
Count is not above 0, Symbol = VETBUSD
Symbol does not contain XRP, Symbol =  VITEBNB
FirstId is not above 0, Symbol = VITEBNB
Count is not above 0, Symbol = VITEBNB
Symbol does not contain XRP, Symbol =  VITEBTC
Symbol does not contain XRP, Symbol =  VITEUSDT
Symbol does not contain XRP, Symbol =  FTTBNB
FirstId is not above 0, Symbol = FTTBNB
Count is not above 0, Symbol = FTTBNB
Symbol does not contain XRP, Symbol =  FTTBTC
FirstId is not above 0, Symbol = FTTBTC
Count is not above 0, Symbol = FTTBTC
Symbol does not contain XRP, Symbol =  FTTUSDT
Symbol does not contain XRP, Symbol =  BTCTRY
Symbol does not contain XRP, Symbol =  BNBTRY
Symbol does not contain XRP, Symbol =  BUSDTRY
FirstId is not above 0, Symbol = BUSDTRY
Count is not above 0, Symbol = BUSDTRY
Symbol does not contain XRP, Symbol =  ETHTRY
Conditions met: XRPTRY
Symbol does not contain XRP, Symbol =  USDTTRY
Symbol does not contain XRP, Symbol =  USDTRUB
FirstId is not above 0, Symbol = USDTRUB
Count is not above 0, Symbol = USDTRUB
Symbol does not contain XRP, Symbol =  BTCEUR
Symbol does not contain XRP, Symbol =  ETHEUR
Symbol does not contain XRP, Symbol =  BNBEUR
Conditions met: XRPEUR
Symbol does not contain XRP, Symbol =  EURBUSD
FirstId is not above 0, Symbol = EURBUSD
Count is not above 0, Symbol = EURBUSD
Symbol does not contain XRP, Symbol =  EURUSDT
Symbol does not contain XRP, Symbol =  OGNBNB
FirstId is not above 0, Symbol = OGNBNB
Count is not above 0, Symbol = OGNBNB
Symbol does not contain XRP, Symbol =  OGNBTC
Symbol does not contain XRP, Symbol =  OGNUSDT
Symbol does not contain XRP, Symbol =  DREPBNB
FirstId is not above 0, Symbol = DREPBNB
Count is not above 0, Symbol = DREPBNB
Symbol does not contain XRP, Symbol =  DREPBTC
FirstId is not above 0, Symbol = DREPBTC
Count is not above 0, Symbol = DREPBTC
Symbol does not contain XRP, Symbol =  DREPUSDT
FirstId is not above 0, Symbol = DREPUSDT
Count is not above 0, Symbol = DREPUSDT
Symbol does not contain XRP, Symbol =  BULLUSDT
FirstId is not above 0, Symbol = BULLUSDT
Count is not above 0, Symbol = BULLUSDT
Symbol does not contain XRP, Symbol =  BULLBUSD
FirstId is not above 0, Symbol = BULLBUSD
Count is not above 0, Symbol = BULLBUSD
Symbol does not contain XRP, Symbol =  BEARUSDT
FirstId is not above 0, Symbol = BEARUSDT
Count is not above 0, Symbol = BEARUSDT
Symbol does not contain XRP, Symbol =  BEARBUSD
FirstId is not above 0, Symbol = BEARBUSD
Count is not above 0, Symbol = BEARBUSD
Symbol does not contain XRP, Symbol =  ETHBULLUSDT
FirstId is not above 0, Symbol = ETHBULLUSDT
Count is not above 0, Symbol = ETHBULLUSDT
Symbol does not contain XRP, Symbol =  ETHBULLBUSD
FirstId is not above 0, Symbol = ETHBULLBUSD
Count is not above 0, Symbol = ETHBULLBUSD
Symbol does not contain XRP, Symbol =  ETHBEARUSDT
FirstId is not above 0, Symbol = ETHBEARUSDT
Count is not above 0, Symbol = ETHBEARUSDT
Symbol does not contain XRP, Symbol =  ETHBEARBUSD
FirstId is not above 0, Symbol = ETHBEARBUSD
Count is not above 0, Symbol = ETHBEARBUSD
Symbol does not contain XRP, Symbol =  TCTBNB
FirstId is not above 0, Symbol = TCTBNB
Count is not above 0, Symbol = TCTBNB
Symbol does not contain XRP, Symbol =  TCTBTC
FirstId is not above 0, Symbol = TCTBTC
Count is not above 0, Symbol = TCTBTC
Symbol does not contain XRP, Symbol =  TCTUSDT
FirstId is not above 0, Symbol = TCTUSDT
Count is not above 0, Symbol = TCTUSDT
Symbol does not contain XRP, Symbol =  WRXBNB
FirstId is not above 0, Symbol = WRXBNB
Count is not above 0, Symbol = WRXBNB
Symbol does not contain XRP, Symbol =  WRXBTC
FirstId is not above 0, Symbol = WRXBTC
Count is not above 0, Symbol = WRXBTC
Symbol does not contain XRP, Symbol =  WRXUSDT
Symbol does not contain XRP, Symbol =  ICXBUSD
FirstId is not above 0, Symbol = ICXBUSD
Count is not above 0, Symbol = ICXBUSD
Symbol does not contain XRP, Symbol =  BTSUSDT
FirstId is not above 0, Symbol = BTSUSDT
Count is not above 0, Symbol = BTSUSDT
Symbol does not contain XRP, Symbol =  BTSBUSD
FirstId is not above 0, Symbol = BTSBUSD
Count is not above 0, Symbol = BTSBUSD
Symbol does not contain XRP, Symbol =  LSKUSDT
Symbol does not contain XRP, Symbol =  BNTUSDT
Symbol does not contain XRP, Symbol =  BNTBUSD
FirstId is not above 0, Symbol = BNTBUSD
Count is not above 0, Symbol = BNTBUSD
Symbol does not contain XRP, Symbol =  LTOBNB
FirstId is not above 0, Symbol = LTOBNB
Count is not above 0, Symbol = LTOBNB
Symbol does not contain XRP, Symbol =  LTOBTC
Symbol does not contain XRP, Symbol =  LTOUSDT
Symbol does not contain XRP, Symbol =  ATOMBUSD
FirstId is not above 0, Symbol = ATOMBUSD
Count is not above 0, Symbol = ATOMBUSD
Symbol does not contain XRP, Symbol =  DASHBUSD
FirstId is not above 0, Symbol = DASHBUSD
Count is not above 0, Symbol = DASHBUSD
Symbol does not contain XRP, Symbol =  NEOBUSD
FirstId is not above 0, Symbol = NEOBUSD
Count is not above 0, Symbol = NEOBUSD
Symbol does not contain XRP, Symbol =  WAVESBUSD
FirstId is not above 0, Symbol = WAVESBUSD
Count is not above 0, Symbol = WAVESBUSD
Symbol does not contain XRP, Symbol =  XTZBUSD
FirstId is not above 0, Symbol = XTZBUSD
Count is not above 0, Symbol = XTZBUSD
Symbol does not contain XRP, Symbol =  EOSBULLUSDT
FirstId is not above 0, Symbol = EOSBULLUSDT
Count is not above 0, Symbol = EOSBULLUSDT
Symbol does not contain XRP, Symbol =  EOSBULLBUSD
FirstId is not above 0, Symbol = EOSBULLBUSD
Count is not above 0, Symbol = EOSBULLBUSD
Symbol does not contain XRP, Symbol =  EOSBEARUSDT
FirstId is not above 0, Symbol = EOSBEARUSDT
Count is not above 0, Symbol = EOSBEARUSDT
Symbol does not contain XRP, Symbol =  EOSBEARBUSD
FirstId is not above 0, Symbol = EOSBEARBUSD
Count is not above 0, Symbol = EOSBEARBUSD
FirstId is not above 0, Symbol = XRPBULLUSDT
Count is not above 0, Symbol = XRPBULLUSDT
FirstId is not above 0, Symbol = XRPBULLBUSD
Count is not above 0, Symbol = XRPBULLBUSD
FirstId is not above 0, Symbol = XRPBEARUSDT
Count is not above 0, Symbol = XRPBEARUSDT
FirstId is not above 0, Symbol = XRPBEARBUSD
Count is not above 0, Symbol = XRPBEARBUSD
Symbol does not contain XRP, Symbol =  BATBUSD
FirstId is not above 0, Symbol = BATBUSD
Count is not above 0, Symbol = BATBUSD
Symbol does not contain XRP, Symbol =  ENJBUSD
FirstId is not above 0, Symbol = ENJBUSD
Count is not above 0, Symbol = ENJBUSD
Symbol does not contain XRP, Symbol =  NANOBUSD
FirstId is not above 0, Symbol = NANOBUSD
Count is not above 0, Symbol = NANOBUSD
Symbol does not contain XRP, Symbol =  ONTBUSD
FirstId is not above 0, Symbol = ONTBUSD
Count is not above 0, Symbol = ONTBUSD
Symbol does not contain XRP, Symbol =  RVNBUSD
FirstId is not above 0, Symbol = RVNBUSD
Count is not above 0, Symbol = RVNBUSD
Symbol does not contain XRP, Symbol =  STRATBUSD
FirstId is not above 0, Symbol = STRATBUSD
Count is not above 0, Symbol = STRATBUSD
Symbol does not contain XRP, Symbol =  STRATBNB
FirstId is not above 0, Symbol = STRATBNB
Count is not above 0, Symbol = STRATBNB
Symbol does not contain XRP, Symbol =  STRATUSDT
FirstId is not above 0, Symbol = STRATUSDT
Count is not above 0, Symbol = STRATUSDT
Symbol does not contain XRP, Symbol =  AIONBUSD
FirstId is not above 0, Symbol = AIONBUSD
Count is not above 0, Symbol = AIONBUSD
Symbol does not contain XRP, Symbol =  AIONUSDT
FirstId is not above 0, Symbol = AIONUSDT
Count is not above 0, Symbol = AIONUSDT
Symbol does not contain XRP, Symbol =  MBLBNB
FirstId is not above 0, Symbol = MBLBNB
Count is not above 0, Symbol = MBLBNB
Symbol does not contain XRP, Symbol =  MBLBTC
FirstId is not above 0, Symbol = MBLBTC
Count is not above 0, Symbol = MBLBTC
Symbol does not contain XRP, Symbol =  MBLUSDT
Symbol does not contain XRP, Symbol =  COTIBNB
FirstId is not above 0, Symbol = COTIBNB
Count is not above 0, Symbol = COTIBNB
Symbol does not contain XRP, Symbol =  COTIBTC
Symbol does not contain XRP, Symbol =  COTIUSDT
Symbol does not contain XRP, Symbol =  ALGOBUSD
FirstId is not above 0, Symbol = ALGOBUSD
Count is not above 0, Symbol = ALGOBUSD
Symbol does not contain XRP, Symbol =  BTTBUSD
FirstId is not above 0, Symbol = BTTBUSD
Count is not above 0, Symbol = BTTBUSD
Symbol does not contain XRP, Symbol =  TOMOBUSD
FirstId is not above 0, Symbol = TOMOBUSD
Count is not above 0, Symbol = TOMOBUSD
Symbol does not contain XRP, Symbol =  XMRBUSD
FirstId is not above 0, Symbol = XMRBUSD
Count is not above 0, Symbol = XMRBUSD
Symbol does not contain XRP, Symbol =  ZECBUSD
FirstId is not above 0, Symbol = ZECBUSD
Count is not above 0, Symbol = ZECBUSD
Symbol does not contain XRP, Symbol =  BNBBULLUSDT
FirstId is not above 0, Symbol = BNBBULLUSDT
Count is not above 0, Symbol = BNBBULLUSDT
Symbol does not contain XRP, Symbol =  BNBBULLBUSD
FirstId is not above 0, Symbol = BNBBULLBUSD
Count is not above 0, Symbol = BNBBULLBUSD
Symbol does not contain XRP, Symbol =  BNBBEARUSDT
FirstId is not above 0, Symbol = BNBBEARUSDT
Count is not above 0, Symbol = BNBBEARUSDT
Symbol does not contain XRP, Symbol =  BNBBEARBUSD
FirstId is not above 0, Symbol = BNBBEARBUSD
Count is not above 0, Symbol = BNBBEARBUSD
Symbol does not contain XRP, Symbol =  STPTBNB
FirstId is not above 0, Symbol = STPTBNB
Count is not above 0, Symbol = STPTBNB
Symbol does not contain XRP, Symbol =  STPTBTC
Symbol does not contain XRP, Symbol =  STPTUSDT
Symbol does not contain XRP, Symbol =  BTCZAR
Symbol does not contain XRP, Symbol =  ETHZAR
Symbol does not contain XRP, Symbol =  BNBZAR
FirstId is not above 0, Symbol = BNBZAR
Count is not above 0, Symbol = BNBZAR
Symbol does not contain XRP, Symbol =  USDTZAR
Symbol does not contain XRP, Symbol =  BUSDZAR
FirstId is not above 0, Symbol = BUSDZAR
Count is not above 0, Symbol = BUSDZAR
Symbol does not contain XRP, Symbol =  BTCBKRW
FirstId is not above 0, Symbol = BTCBKRW
Count is not above 0, Symbol = BTCBKRW
Symbol does not contain XRP, Symbol =  ETHBKRW
FirstId is not above 0, Symbol = ETHBKRW
Count is not above 0, Symbol = ETHBKRW
Symbol does not contain XRP, Symbol =  BNBBKRW
FirstId is not above 0, Symbol = BNBBKRW
Count is not above 0, Symbol = BNBBKRW
Symbol does not contain XRP, Symbol =  WTCUSDT
FirstId is not above 0, Symbol = WTCUSDT
Count is not above 0, Symbol = WTCUSDT
Symbol does not contain XRP, Symbol =  DATABUSD
FirstId is not above 0, Symbol = DATABUSD
Count is not above 0, Symbol = DATABUSD
Symbol does not contain XRP, Symbol =  DATAUSDT
Symbol does not contain XRP, Symbol =  XZCUSDT
FirstId is not above 0, Symbol = XZCUSDT
Count is not above 0, Symbol = XZCUSDT
Symbol does not contain XRP, Symbol =  SOLBNB
Symbol does not contain XRP, Symbol =  SOLBTC
Symbol does not contain XRP, Symbol =  SOLUSDT
Symbol does not contain XRP, Symbol =  SOLBUSD
FirstId is not above 0, Symbol = SOLBUSD
Count is not above 0, Symbol = SOLBUSD
Symbol does not contain XRP, Symbol =  BTCIDRT
FirstId is not above 0, Symbol = BTCIDRT
Count is not above 0, Symbol = BTCIDRT
Symbol does not contain XRP, Symbol =  BNBIDRT
FirstId is not above 0, Symbol = BNBIDRT
Count is not above 0, Symbol = BNBIDRT
Symbol does not contain XRP, Symbol =  USDTIDRT
Symbol does not contain XRP, Symbol =  BUSDIDRT
FirstId is not above 0, Symbol = BUSDIDRT
Count is not above 0, Symbol = BUSDIDRT
Symbol does not contain XRP, Symbol =  CTSIBTC
Symbol does not contain XRP, Symbol =  CTSIUSDT
Symbol does not contain XRP, Symbol =  CTSIBNB
FirstId is not above 0, Symbol = CTSIBNB
Count is not above 0, Symbol = CTSIBNB
Symbol does not contain XRP, Symbol =  CTSIBUSD
FirstId is not above 0, Symbol = CTSIBUSD
Count is not above 0, Symbol = CTSIBUSD
[...]
Match found for symbol: HOOKUSDT
Match found for symbol: HOOKBUSD
Match found for symbol: HOOKBNB
Match found for symbol: MAGICBTC
Match found for symbol: MAGICBUSD
Match found for symbol: MAGICUSDT
Match found for symbol: BUSDRON
Match found for symbol: HIFIETH
Match found for symbol: HIFIUSDT
Match found for symbol: RPLBTC
Match found for symbol: RPLBUSD
Match found for symbol: RPLUSDT
Match found for symbol: PROSUSDT
Match found for symbol: FETTRY
Match found for symbol: GFTBUSD
Match found for symbol: AGIXUSDT
Match found for symbol: APTETH
Match found for symbol: BTCRON
Match found for symbol: GNSUSDT
Match found for symbol: GNSBTC
Match found for symbol: SYNBTC
Match found for symbol: SYNUSDT
Match found for symbol: VIBUSDT
Match found for symbol: SSVUSDT
Match found for symbol: LQTYUSDT
Match found for symbol: LQTYBTC
Match found for symbol: AMBUSDT
Match found for symbol: BETHUSDT
Match found for symbol: CFXTRY
Match found for symbol: STXTRY
Match found for symbol: USTCUSDT
Match found for symbol: GASUSDT
Match found for symbol: GLMUSDT
Match found for symbol: PROMUSDT
Match found for symbol: QKCUSDT
Match found for symbol: UFTUSDT
Match found for symbol: IDBTC
Match found for symbol: IDBNB
Match found for symbol: IDUSDT
Match found for symbol: ARBBTC
Match found for symbol: ARBUSDT
Match found for symbol: AGIXTRY
Match found for symbol: LOOMUSDT
Match found for symbol: OAXUSDT
Match found for symbol: ARBTUSD
Match found for symbol: ARBTRY
Match found for symbol: ARBEUR
Match found for symbol: IDTUSD
Match found for symbol: IDTRY
Match found for symbol: IDEUR
Match found for symbol: LDOTUSD
Match found for symbol: MATICTUSD
Match found for symbol: OPTUSD
Match found for symbol: SOLTUSD
Match found for symbol: SSVTUSD
Match found for symbol: RDNTBTC
Match found for symbol: RDNTUSDT
Match found for symbol: RDNTTUSD
Match found for symbol: ARBRUB
Match found for symbol: JOETRY
Match found for symbol: MAGICTRY
Match found for symbol: USDTPLN
Match found for symbol: ACHTRY
Match found for symbol: XVSTRY
Match found for symbol: EGLDRON
Match found for symbol: USDTRON
Match found for symbol: USDTARS
Match found for symbol: DOGETUSD
Match found for symbol: WBTCUSDT
Match found for symbol: EDUUSDT
Match found for symbol: EDUTUSD
Match found for symbol: EDUBNB
Match found for symbol: EDUBTC
Match found for symbol: EDUEUR
Match found for symbol: EDUTRY
Match found for symbol: SUIUSDT
Match found for symbol: SUITUSD
Match found for symbol: SUIBTC
Match found for symbol: SUIBNB
Match found for symbol: SUIEUR
Match found for symbol: SUITRY
Match found for symbol: AERGOUSDT
Match found for symbol: RNDRTRY
Match found for symbol: PEPEUSDT
Match found for symbol: PEPETUSD
Match found for symbol: FLOKIUSDT
Match found for symbol: FLOKITUSD
Match found for symbol: OGTRY
Match found for symbol: PEPETRY
Match found for symbol: WBETHETH
Match found for symbol: ASTUSDT
Match found for symbol: SNTUSDT
Match found for symbol: FLOKITRY
Match found for symbol: CITYTRY
Match found for symbol: COMBOUSDT
Match found for symbol: COMBOBNB
Match found for symbol: COMBOTRY
Match found for symbol: LTCTRY
Match found for symbol: RADTRY
Match found for symbol: BTCARS
Match found for symbol: OPTRY
Match found for symbol: PAXGTRY
Match found for symbol: MAVBTC
Match found for symbol: MAVUSDT
Match found for symbol: MAVTUSD
Match found for symbol: CFXTUSD
Match found for symbol: PENDLEBTC
Match found for symbol: PENDLEUSDT
Match found for symbol: PENDLETUSD
Match found for symbol: MAVTRY
Match found for symbol: OCEANTRY
Match found for symbol: TUSDTRY
Match found for symbol: ARBETH
Match found for symbol: BCHTRY
Match found for symbol: XVGTRY
Match found for symbol: XVGTUSD
Match found for symbol: ARKMUSDT
Match found for symbol: ARKMTUSD
Match found for symbol: ARKMTRY
Match found for symbol: ARKMBNB
Match found for symbol: ARKMBTC
Match found for symbol: WBETHUSDT
Match found for symbol: ACATRY
Match found for symbol: AVAXTUSD
Match found for symbol: COMPTUSD
Match found for symbol: COMPTRY
Match found for symbol: XECTRY
Match found for symbol: QUICKTUSD
Match found for symbol: WLDUSDT
Match found for symbol: WLDBTC
Match found for symbol: BNBFDUSD
Match found for symbol: FDUSDBUSD
Match found for symbol: FDUSDUSDT
Match found for symbol: ARKMRUB
Match found for symbol: WLDTRY
Match found for symbol: WLDRUB
Match found for symbol: AMPTRY
Match found for symbol: OGNTRY
Match found for symbol: BTCFDUSD
Match found for symbol: ETHFDUSD
Match found for symbol: ASRTRY
Match found for symbol: ATMTRY
Match found for symbol: ACMTRY
Match found for symbol: BARTRY
Match found for symbol: JUVTRY
Match found for symbol: PSGTRY
Match found for symbol: SEIBNB
Match found for symbol: SEIBTC
Match found for symbol: SEIFDUSD
Match found for symbol: SEITRY
Match found for symbol: SEIUSDT
Match found for symbol: CYBERBNB
Match found for symbol: CYBERBTC
Match found for symbol: CYBERFDUSD
Match found for symbol: CYBERTRY
Match found for symbol: CYBERUSDT
Match found for symbol: CYBERTUSD
Match found for symbol: SEITUSD
Match found for symbol: LPTTRY
Match found for symbol: UNITRY
Match found for symbol: SOLFDUSD
Match found for symbol: TOMOTRY
Match found for symbol: UNFITRY
Match found for symbol: XRPFDUSD
Match found for symbol: DOGEFDUSD
Match found for symbol: CYBERETH
Match found for symbol: MTLTRY
Match found for symbol: ARKUSDT
Match found for symbol: CREAMUSDT
Match found for symbol: GFTUSDT
Match found for symbol: IQUSDT
Match found for symbol: USDTVAI
Match found for symbol: ARBFDUSD
Match found for symbol: FDUSDTRY
Match found for symbol: FRONTTRY
Match found for symbol: SUIFDUSD
Match found for symbol: NTRNBTC
Match found for symbol: NTRNUSDT
Match found for symbol: NTRNBNB
Match found for symbol: FILFDUSD
Match found for symbol: FRONTTUSD
Match found for symbol: LEVERTRY
Match found for symbol: LTCFDUSD
Match found for symbol: ADAFDUSD
Match found for symbol: RUNETUSD
Match found for symbol: TRBTRY
Match found for symbol: ATOMFDUSD
Match found for symbol: AVAXFDUSD
Match found for symbol: BANDTRY
Match found for symbol: BCHFDUSD
Match found for symbol: LOOMTRY
Match found for symbol: MATICFDUSD
Match found for symbol: ALGOFDUSD
Match found for symbol: DOTFDUSD
Match found for symbol: FTMFDUSD
Match found for symbol: LINKFDUSD
Match found for symbol: NEARFDUSD
Match found for symbol: STRAXTRY
Match found for symbol: TIABTC
Match found for symbol: TIAUSDT
Match found for symbol: TIATRY
Match found for symbol: MEMEBNB
Match found for symbol: MEMEUSDT
Match found for symbol: MEMEFDUSD
Match found for symbol: MEMETUSD
Match found for symbol: MEMETRY
Match found for symbol: ORDIBTC
Match found for symbol: ORDIUSDT
Match found for symbol: ORDITRY
Match found for symbol: EGLDFDUSD
Match found for symbol: FETFDUSD
Match found for symbol: GASFDUSD
Match found for symbol: INJETH
Match found for symbol: INJTUSD
Match found for symbol: OPFDUSD
Match found for symbol: ORDIFDUSD
Match found for symbol: ORDITUSD
Match found for symbol: RNDRFDUSD
Match found for symbol: SHIBTUSD
Match found for symbol: BEAMXUSDT
Match found for symbol: ARKTRY
Match found for symbol: BEAMXTRY
Match found for symbol: CAKETRY
Match found for symbol: CAKETUSD
Match found for symbol: DYDXFDUSD
Match found for symbol: PIVXUSDT
Match found for symbol: RUNEFDUSD
Match found for symbol: TIATUSD
Match found for symbol: DOTTUSD
Match found for symbol: GALAFDUSD
Match found for symbol: WLDFDUSD
Match found for symbol: GASTRY
Match found for symbol: NTRNTRY
Match found for symbol: VICBTC
Match found for symbol: VICUSDT
Match found for symbol: VICTRY
Match found for symbol: BLURBTC
Match found for symbol: BLURUSDT
Match found for symbol: BLURTRY
Match found for symbol: BLURFDUSD
Match found for symbol: SUPERFDUSD
Match found for symbol: USTCFDUSD
Match found for symbol: USTCTRY
Match found for symbol: DYDXTRY
Match found for symbol: VANRYUSDT
Match found for symbol: VANRYBTC
Match found for symbol: BTCAEUR
Match found for symbol: AEURUSDT
Match found for symbol: ETHAEUR
Match found for symbol: EURAEUR
Match found for symbol: AUCTIONFDUSD
Match found for symbol: IOTAFDUSD
Match found for symbol: LUNCTRY
Match found for symbol: SUPERTRY
Match found for symbol: JTOUSDT
Match found for symbol: JTOFDUSD
Match found for symbol: JTOTRY
Match found for symbol: 1000SATSUSDT
Match found for symbol: 1000SATSFDUSD
Match found for symbol: 1000SATSTRY
Match found for symbol: SHIBFDUSD
Match found for symbol: SANDFDUSD
Match found for symbol: MEMEETH
Match found for symbol: IOTATRY
Match found for symbol: INJFDUSD
Match found for symbol: FIDATRY
Match found for symbol: BONKUSDT
Match found for symbol: BONKFDUSD
Match found for symbol: BONKTRY
Match found for symbol: ACEFDUSD
Match found for symbol: ACEUSDT
Match found for symbol: ACEBNB
Match found for symbol: ACEBTC
Match found for symbol: ACETRY
Match found for symbol: BLZFDUSD
Match found for symbol: RARETRY
Match found for symbol: VANRYTRY
Match found for symbol: NFPBTC
Match found for symbol: NFPUSDT
Match found for symbol: NFPBNB
Match found for symbol: NFPFDUSD
Match found for symbol: NFPTUSD
Match found for symbol: NFPTRY
Match found for symbol: ARBUSDC
Match found for symbol: AVAXUSDC
Match found for symbol: DOTUSDC
Match found for symbol: INJUSDC
Match found for symbol: MATICUSDC
Match found for symbol: OPUSDC
Match found for symbol: ORDIUSDC
Match found for symbol: AIBTC
Match found for symbol: AIUSDT
Match found for symbol: AIBNB
Match found for symbol: AIFDUSD
Match found for symbol: AITUSD
Match found for symbol: AITRY
Match found for symbol: ICPFDUSD
Match found for symbol: LDOFDUSD
Match found for symbol: MOVRTRY
Match found for symbol: XAIBTC
Match found for symbol: XAIUSDT
Match found for symbol: XAIBNB
Match found for symbol: XAIFDUSD
Match found for symbol: XAITUSD
Match found for symbol: XAITRY
Match found for symbol: SKLTRY
Match found for symbol: STXFDUSD
Match found for symbol: TIAFDUSD
Match found for symbol: MANTABTC
Match found for symbol: MANTAUSDT
Match found for symbol: MANTABNB
Match found for symbol: MANTAFDUSD
Match found for symbol: MANTATRY
Match found for symbol: ENSFDUSD
Match found for symbol: ETCFDUSD
Match found for symbol: SUIUSDC
Match found for symbol: TIAUSDC
Match found for symbol: CHZFDUSD
Match found for symbol: MANTAUSDC
Match found for symbol: ALTBTC
Match found for symbol: ALTUSDT
Match found for symbol: ALTBNB
Match found for symbol: ALTFDUSD
Match found for symbol: ALTTRY
Match found for symbol: APTFDUSD
Match found for symbol: BLURUSDC
Match found for symbol: JUPUSDT
Match found for symbol: JUPFDUSD
Match found for symbol: JUPTRY
Match found for symbol: ALTUSDC
Match found for symbol: MAGICFDUSD
Match found for symbol: SEIUSDC
Match found for symbol: PYTHBTC
Match found for symbol: PYTHUSDT
Match found for symbol: PYTHFDUSD
Match found for symbol: PYTHTRY
Match found for symbol: RONINBTC
Match found for symbol: RONINUSDT
Match found for symbol: RONINFDUSD
Match found for symbol: RONINTRY
Match found for symbol: DYMBTC
Match found for symbol: DYMUSDT
Match found for symbol: DYMFDUSD
Match found for symbol: DYMTRY
Match found for symbol: JUPUSDC
Match found for symbol: PENDLEFDUSD
Match found for symbol: PIXELBTC
Match found for symbol: PIXELBNB
Match found for symbol: PIXELUSDT
Match found for symbol: PIXELFDUSD
Match found for symbol: PIXELTRY
Match found for symbol: STRKBTC
Match found for symbol: STRKUSDT
Match found for symbol: STRKFDUSD
Match found for symbol: STRKTRY
Match found for symbol: FILUSDC
Match found for symbol: HBARTRY
Match found for symbol: PENDLETRY
Match found for symbol: WLDUSDC
Match found for symbol: CKBTRY
Match found for symbol: COTITRY
Match found for symbol: LDOTRY
Match found for symbol: UNIUSDC
Match found for symbol: PORTALBTC
Match found for symbol: PORTALUSDT
Match found for symbol: PORTALBNB
Match found for symbol: PORTALFDUSD
Match found for symbol: PORTALTRY
Match found for symbol: PDABTC
Match found for symbol: PDAUSDT
Match found for symbol: AXLBTC
Match found for symbol: AXLUSDT
Match found for symbol: AXLFDUSD
Match found for symbol: AXLTRY
Match found for symbol: PEPEFDUSD
Match found for symbol: PIXELUSDC
Match found for symbol: STRKUSDC
Match found for symbol: UNIFDUSD
Match found for symbol: OMTRY
Match found for symbol: THETATRY
Match found for symbol: WIFBTC
Match found for symbol: WIFUSDT
Match found for symbol: WIFFDUSD
Match found for symbol: WIFTRY
Match found for symbol: AGIXFDUSD
Match found for symbol: PEPEUSDC
Match found for symbol: SHIBUSDC
Match found for symbol: THETAFDUSD
Match found for symbol: ARTRY
Match found for symbol: METISBTC
Match found for symbol: METISUSDT
Match found for symbol: METISFDUSD
Match found for symbol: METISTRY
Match found for symbol: BNBJPY
Match found for symbol: BTCJPY
Match found for symbol: ETHJPY
Match found for symbol: FLOKIFDUSD
Match found for symbol: GRTFDUSD
Match found for symbol: NEARUSDC
Match found for symbol: SNXTRY
Match found for symbol: AEVOBTC
Match found for symbol: AEVOUSDT
Match found for symbol: AEVOBNB
Match found for symbol: AEVOFDUSD
Match found for symbol: AEVOTRY
Match found for symbol: FETUSDC
Match found for symbol: IMXTRY
Match found for symbol: EURUSDC
Match found for symbol: BOMETRY
Match found for symbol: BOMEBTC
Match found for symbol: BOMEUSDT
Match found for symbol: BOMEFDUSD
Match found for symbol: ETHFIBTC
Match found for symbol: ETHFIUSDT
Match found for symbol: ETHFIBNB
Match found for symbol: ETHFIFDUSD
Match found for symbol: ETHFITRY
Match found for symbol: AAVETRY
Match found for symbol: ARKMFDUSD
Match found for symbol: CRVTRY
Match found for symbol: FETBRL
Match found for symbol: RAYFDUSD
Match found for symbol: RNDREUR
Match found for symbol: BONKUSDC
Match found for symbol: FLOKIUSDC
Match found for symbol: MKRTRY
Match found for symbol: RAYTRY
Match found for symbol: RNDRBRL
Match found for symbol: ENABTC
Match found for symbol: ENAUSDT
Match found for symbol: ENABNB
Match found for symbol: ENAFDUSD
Match found for symbol: ENATRY
Match found for symbol: LQTYFDUSD
Match found for symbol: MASKTRY
Match found for symbol: PENDLEUSDC
Match found for symbol: RDNTTRY
Match found for symbol: WBTC
Match found for symbol: WUSDT
Match found for symbol: WFDUSD
Match found for symbol: WTRY
Match found for symbol: BOMEUSDC
Match found for symbol: JTOUSDC
Match found for symbol: WIFUSDC
Match found for symbol: TNSRBTC
Match found for symbol: TNSRUSDT
Match found for symbol: TNSRFDUSD
Match found for symbol: TNSRTRY
Match found for symbol: SAGABTC
Match found for symbol: SAGAUSDT
Match found for symbol: SAGABNB
Match found for symbol: SAGAFDUSD
Match found for symbol: SAGATRY
Match found for symbol: USDTMXN
Match found for symbol: CKBUSDC
Match found for symbol: ENAUSDC
Match found for symbol: ETHFIUSDC
Match found for symbol: YGGUSDC
Match found for symbol: USDTCZK
Match found for symbol: TAOBTC
Match found for symbol: TAOUSDT
Match found for symbol: TAOFDUSD
Match found for symbol: TAOTRY
Match found for symbol: CFXUSDC
Match found for symbol: RNDRUSDC
Match found for symbol: RUNEUSDC
Match found for symbol: SAGAUSDC
Match found for symbol: POLYXTRY
Match found for symbol: OMNIBTC
Match found for symbol: OMNIUSDT
Match found for symbol: OMNIBNB
Match found for symbol: OMNIFDUSD
Match found for symbol: OMNITRY
Match found for symbol: APTUSDC
Match found for symbol: GALAUSDC
Match found for symbol: OMNIBRL
Match found for symbol: STXUSDC
Match found for symbol: ICPUSDC
Match found for symbol: OMNIUSDC
Match found for symbol: PEPEBRL
Match found for symbol: YGGTRY
Match found for symbol: ADAJPY
Match found for symbol: SHIBJPY
Match found for symbol: SOLJPY
Match found for symbol: XRPJPY
Match found for symbol: REZBTC
Match found for symbol: REZUSDT
Match found for symbol: REZBNB
Match found for symbol: REZFDUSD
Match found for symbol: REZTRY
Match found for symbol: EGLDTRY
Match found for symbol: PHBTRY
Match found for symbol: RSRTRY
Match found for symbol: BBBTC
Match found for symbol: BBUSDT
Match found for symbol: BBBNB
Match found for symbol: BBFDUSD
Match found for symbol: BBTRY
Match found for symbol: FRONTUSDC
Match found for symbol: PEOPLETRY
Match found for symbol: TRBUSDC
Match found for symbol: NOTUSDT
Match found for symbol: NOTBNB
Match found for symbol: NOTFDUSD
Match found for symbol: NOTTRY
Match found for symbol: ARKMUSDC
Match found for symbol: ARUSDC
Match found for symbol: BBUSDC
Match found for symbol: CRVUSDC
Match found for symbol: PEOPLEUSDC
Match found for symbol: ARFDUSD
Match found for symbol: ENAEUR
Match found for symbol: PEPEEUR
Match found for symbol: REZUSDC
Match found for symbol: TRBFDUSD
Match found for symbol: USDCTRY
Match found for symbol: BTCMXN
Match found for symbol: XRPMXN
Match found for symbol: ENSUSDC
Match found for symbol: LDOUSDC
Match found for symbol: NOTUSDC
Match found for symbol: NEARBRL
Match found for symbol: HIGHTRY
Match found for symbol: PEOPLEFDUSD
Match found for symbol: TNSRUSDC
Match found for symbol: USDTCOP
Match found for symbol: IOBTC
Match found for symbol: IOUSDT
Match found for symbol: IOBNB
Match found for symbol: IOFDUSD
Match found for symbol: IOTRY
Match found for symbol: NOTBRL
Match found for symbol: TRUTRY
Match found for symbol: WIFEUR
Match found for symbol: ZKBTC
Match found for symbol: ZKUSDT
Match found for symbol: ZKFDUSD
Match found for symbol: ZKTRY
Match found for symbol: LISTAUSDT
Match found for symbol: LISTABNB
Match found for symbol: LISTAFDUSD
Match found for symbol: LISTATRY
Match found for symbol: ZROBTC
Match found for symbol: ZROUSDT
Match found for symbol: ZROFDUSD
Match found for symbol: ZROTRY
Match found for symbol: LISTABRL
Match found for symbol: BAKETRY
Match found for symbol: WIFBRL
Match found for symbol: ZKUSDC
Match found for symbol: ZROUSDC
Match found for symbol: IOUSDC
Match found for symbol: 1000SATSUSDC
Match found for symbol: BNXTRY
Match found for symbol: ETHARS
Match found for symbol: GUSDT
Match found for symbol: GTRY
Match found for symbol: BANANABTC
Match found for symbol: BANANAUSDT
Match found for symbol: BANANABNB
Match found for symbol: BANANAFDUSD
Match found for symbol: BANANATRY
Match found for symbol: RENDERBTC
Match found for symbol: RENDERUSDT
Match found for symbol: RENDERFDUSD
Match found for symbol: RENDERUSDC
Match found for symbol: RENDERTRY
Match found for symbol: RENDEREUR
Match found for symbol: RENDERBRL
Match found for symbol: TONBTC
Match found for symbol: TONUSDT
Match found for symbol: TONFDUSD
Match found for symbol: TONTRY
Match found for symbol: BONKBRL
Match found for symbol: NOTEUR
Match found for symbol: DOGEJPY
Match found for symbol: MATICJPY
Match found for symbol: NEARJPY
Match found for symbol: TONUSDC
Match found for symbol: AAVEFDUSD
Match found for symbol: DOGSUSDT
Match found for symbol: DOGSBNB
Match found for symbol: DOGSFDUSD
Match found for symbol: DOGSTRY
Match found for symbol: EUREURI
Match found for symbol: EURIUSDT
Match found for symbol: DOGSBRL
Match found for symbol: DOGSUSDC
Match found for symbol: RAREBRL
Match found for symbol: RAREUSDC
Match found for symbol: SLFBTC
Match found for symbol: SLFTRY
Match found for symbol: SLFUSDC
Match found for symbol: SLFUSDT
Match found for symbol: AAVEUSDC
Match found for symbol: SUNTRY
Match found for symbol: STMXTRY
Match found for symbol: POLBNB
Match found for symbol: POLBRL
Match found for symbol: POLBTC
Match found for symbol: POLETH
Match found for symbol: POLEUR
Match found for symbol: POLFDUSD
Match found for symbol: POLJPY
Match found for symbol: POLTRY
Match found for symbol: POLUSDC
Match found for symbol: POLUSDT
Match found for symbol: NEIROUSDT
Match found for symbol: TURBOUSDT
Match found for symbol: 1MBABYDOGEUSDT
Match found for symbol: CATIUSDT
Match found for symbol: CATIBNB
Match found for symbol: CATIFDUSD
Match found for symbol: CATITRY
Mismatch for symbol: symbolName | Expected: baseAssetquoteAsset | Found: symbolName
]]></system-out>
  </testcase>
</testsuite>